#
# A fatal error has been detected by the Java Runtime Environment:
#
#  SIGSEGV (0xb) at pc=0x00007fe5b31e7ca0, pid=12600, tid=12648
#
# JRE version: OpenJDK Runtime Environment Temurin-17.0.5+8 (17.0.5+8) (build 17.0.5+8)
# Java VM: OpenJDK 64-Bit Server VM Temurin-17.0.5+8 (17.0.5+8, mixed mode, tiered, compressed oops, compressed class ptrs, parallel gc, linux-amd64)
# Problematic frame:
# V  [libjvm.so+0xc70ca0]  void OopOopIterateBackwardsDispatch<PSPushContentsClosure>::Table::oop_oop_iterate_backwards<ObjArrayKlass, narrowOop>(PSPushContentsClosure*, oopDesc*, Klass*)+0x50
#
# No core dump will be written. Core dumps have been disabled. To enable core dumping, try "ulimit -c unlimited" before starting Java again
#
# If you would like to submit a bug report, please visit:
#   https://github.com/adoptium/adoptium-support/issues
#

---------------  S U M M A R Y ------------

Command Line: --add-modules=ALL-SYSTEM --add-opens=java.base/java.util=ALL-UNNAMED --add-opens=java.base/java.lang=ALL-UNNAMED --add-opens=java.base/sun.nio.fs=ALL-UNNAMED -Declipse.application=org.eclipse.jdt.ls.core.id1 -Dosgi.bundles.defaultStartLevel=4 -Declipse.product=org.eclipse.jdt.ls.core.product -Djava.import.generatesMetadataFilesAtProjectRoot=false -Dfile.encoding=utf8 -XX:+UseParallelGC -XX:GCTimeRatio=4 -XX:AdaptiveSizePolicyWeight=90 -Dsun.zip.disableMemoryMapping=true -Xmx1G -Xms100m -Xlog:disable -javaagent:/home/jakshas/.vscode-server/extensions/redhat.java-1.13.0-linux-x64/lombok/lombok-1.18.24.jar -XX:+HeapDumpOnOutOfMemoryError -XX:HeapDumpPath=/home/jakshas/.vscode-server/data/User/workspaceStorage/a7fab15a8e43135a31176fa2f06bde18/redhat.java /home/jakshas/.vscode-server/extensions/redhat.java-1.13.0-linux-x64/server/plugins/org.eclipse.equinox.launcher_1.6.400.v20210924-0641.jar -configuration /home/jakshas/.vscode-server/data/User/globalStorage/redhat.java/1.13.0/config_linux -data /home/jakshas/.vscode-server/data/User/workspaceStorage/a7fab15a8e43135a31176fa2f06bde18/redhat.java/jdt_ws

Host: Intel(R) Core(TM) i5-9600KF CPU @ 3.70GHz, 6 cores, 12G, Ubuntu 22.04 LTS
Time: Sun Dec  4 23:41:00 2022 CET elapsed time: 10196.214372 seconds (0d 2h 49m 56s)

---------------  T H R E A D  ---------------

Current thread (0x00007fe58c003850):  GCTaskThread "GC Thread#3" [stack: 0x00007fe592894000,0x00007fe592994000] [id=12648]

Stack: [0x00007fe592894000,0x00007fe592994000],  sp=0x00007fe592992b20,  free space=1018k
Native frames: (J=compiled Java code, j=interpreted, Vv=VM code, C=native code)
V  [libjvm.so+0xc70ca0]  void OopOopIterateBackwardsDispatch<PSPushContentsClosure>::Table::oop_oop_iterate_backwards<ObjArrayKlass, narrowOop>(PSPushContentsClosure*, oopDesc*, Klass*)+0x50
V  [libjvm.so+0xc6e793]  PSCardTable::scavenge_contents_parallel(ObjectStartArray*, MutableSpace*, HeapWordImpl**, PSPromotionManager*, unsigned int, unsigned int)+0x9a3
V  [libjvm.so+0xc8f5d0]  ScavengeRootsTask::work(unsigned int)+0x4c0
V  [libjvm.so+0xf0cfef]  GangWorker::loop()+0x5f
V  [libjvm.so+0xf0d04f]
V  [libjvm.so+0xe5d5b0]  Thread::call_run()+0xc0
V  [libjvm.so+0xc17381]  thread_native_entry(Thread*)+0xe1


siginfo: si_signo: 11 (SIGSEGV), si_code: 1 (SEGV_MAPERR), si_addr: 0x000000000001f152

Register to memory mapping:

RAX=0x0 is NULL
RBX=0x00000000c73b169c is pointing into object: [Ljava.lang.Object; 
{0x00000000c731a8c0} - klass: 'java/lang/Object'[]
 - length: 215272
RCX=0x00000000c73b1699 is pointing into object: [Ljava.lang.Object; 
{0x00000000c731a8c0} - klass: 'java/lang/Object'[]
 - length: 215272
RDX=0x00007fe593eff010 points into unknown readable memory: 0x00000000c7daebe5 | e5 eb da c7 00 00 00 00
RSP=0x00007fe592992b20 points into unknown readable memory: 0x00000000eba08210 | 10 82 a0 eb 00 00 00 00
RBP=0x00007fe592992b60 points into unknown readable memory: 0x00007fe592992c40 | 40 2c 99 92 e5 7f 00 00
RSI=0x000000000001f14a is an unknown value
RDI=0x00007fe592992bf0 points into unknown readable memory: 0x00007fe5b37831f0 | f0 31 78 b3 e5 7f 00 00
R8 =0x0 is NULL
R9 =0x00007fe5b2802a00: <offset 0x000000000028ba00> in /home/jakshas/.vscode-server/extensions/redhat.java-1.13.0-linux-x64/jre/17.0.5-linux-x86_64/lib/server/libjvm.so at 0x00007fe5b2577000
R10=0x00007fe5b38720cd: <offset 0x00000000012fb0cd> in /home/jakshas/.vscode-server/extensions/redhat.java-1.13.0-linux-x64/jre/17.0.5-linux-x86_64/lib/server/libjvm.so at 0x00007fe5b2577000
R11=0x00000000c73194c8 is an oop: java.io.FileDescriptor 
{0x00000000c73194c8} - klass: 'java/io/FileDescriptor'
 - ---- fields (total size 5 words):
 - private 'fd' 'I' @12  165 (a5)
 - private 'handle' 'J' @16  -1 (ffffffff ffffffff)
 - private 'closed' 'Z' @24  false
 - private 'append' 'Z' @25  false
 - private 'parent' 'Ljava/io/Closeable;' @28  a 'java/io/FileOutputStream'{0x00000000c7315348} (c7315348)
 - private 'otherParents' 'Ljava/util/List;' @32  NULL (0)
 - private 'cleanup' 'Ljdk/internal/ref/PhantomCleanable;' @36  a 'java/io/FileCleanable'{0x00000000c7319490} (c7319490)
R12=0x00007fe5ac192b00 points into unknown readable memory: 0x00007fe5b3822348 | 48 23 82 b3 e5 7f 00 00
R13=0x00000000c73ecc70 is an oop: [[C 
{0x00000000c73ecc70} - klass: {type array char}[]
 - length: 215272
R14=0x00007fe5b388dba8: <offset 0x0000000001316ba8> in /home/jakshas/.vscode-server/extensions/redhat.java-1.13.0-linux-x64/jre/17.0.5-linux-x86_64/lib/server/libjvm.so at 0x00007fe5b2577000
R15=0x00007fe592992bf0 points into unknown readable memory: 0x00007fe5b37831f0 | f0 31 78 b3 e5 7f 00 00


Registers:
RAX=0x0000000000000000, RBX=0x00000000c73b169c, RCX=0x00000000c73b1699, RDX=0x00007fe593eff010
RSP=0x00007fe592992b20, RBP=0x00007fe592992b60, RSI=0x000000000001f14a, RDI=0x00007fe592992bf0
R8 =0x0000000000000000, R9 =0x00007fe5b2802a00, R10=0x00007fe5b38720cd, R11=0x00000000c73194c8
R12=0x00007fe5ac192b00, R13=0x00000000c73ecc70, R14=0x00007fe5b388dba8, R15=0x00007fe592992bf0
RIP=0x00007fe5b31e7ca0, EFLAGS=0x0000000000010287, CSGSFS=0x002b000000000033, ERR=0x0000000000000004
  TRAPNO=0x000000000000000e

Top of Stack: (sp=0x00007fe592992b20)
0x00007fe592992b20:   00000000eba08210 00000000c7319490
0x00007fe592992b30:   00007fe592992b40 00000000c731a8c0
0x00007fe592992b40:   00007fe5b1f83f67 00000000c73ecc70
0x00007fe592992b50:   0000000000000240 00007fe5b388d4c0 

Instructions: (pc=0x00007fe5b31e7ca0)
0x00007fe5b31e7ba0:   01 00 48 89 1c f2 41 89 84 24 e0 00 00 00 e9 5d
0x00007fe5b31e7bb0:   ff ff ff 0f 1f 44 00 00 49 8b b4 24 10 03 00 00
0x00007fe5b31e7bc0:   48 c1 e0 03 48 85 f6 75 5f 31 d2 48 8d 78 08 be
0x00007fe5b31e7bd0:   05 00 00 00 e8 67 39 75 ff 31 c9 48 89 c2 49 8b
0x00007fe5b31e7be0:   84 24 e8 02 00 00 48 8d 04 c2 49 8b b4 24 18 03
0x00007fe5b31e7bf0:   00 00 48 89 30 49 8b 84 24 08 03 00 00 49 89 94
0x00007fe5b31e7c00:   24 18 03 00 00 48 85 f6 74 08 49 03 84 24 e8 02
0x00007fe5b31e7c10:   00 00 49 89 84 24 08 03 00 00 b8 01 00 00 00 e9
0x00007fe5b31e7c20:   49 ff ff ff 0f 1f 40 00 49 8b 94 24 20 03 00 00
0x00007fe5b31e7c30:   48 83 ee 01 48 01 d0 48 8b 38 49 89 b4 24 10 03
0x00007fe5b31e7c40:   00 00 49 89 bc 24 20 03 00 00 eb 9e 0f 1f 40 00
0x00007fe5b31e7c50:   55 48 89 e5 41 57 41 56 41 55 41 54 53 48 83 ec
0x00007fe5b31e7c60:   18 48 8d 15 65 a4 68 00 80 3a 01 48 19 c0 83 e0
0x00007fe5b31e7c70:   04 80 3a 01 48 19 d2 48 63 44 06 0c 83 e2 08 48
0x00007fe5b31e7c80:   8d 5c 16 10 4c 8d 2c 83 4c 39 eb 0f 83 94 00 00
0x00007fe5b31e7c90:   00 4c 8d 35 10 5f 6a 00 49 89 ff 45 31 c0 eb 09
0x00007fe5b31e7ca0:   48 83 c3 04 49 39 dd 76 7c 8b 03 49 3b 06 72 f0
0x00007fe5b31e7cb0:   48 8d 15 79 36 64 00 4d 8b 67 10 8b 4a 08 48 d3
0x00007fe5b31e7cc0:   e0 48 03 02 42 0f 18 0c 00 41 8b 84 24 e0 00 00
0x00007fe5b31e7cd0:   00 41 8b b4 24 60 01 00 00 48 8d 4b 01 89 c2 29
0x00007fe5b31e7ce0:   f2 81 e2 ff ff 01 00 81 fa fd ff 01 00 76 49 49
0x00007fe5b31e7cf0:   8b 84 24 00 03 00 00 49 3b 84 24 e8 02 00 00 74
0x00007fe5b31e7d00:   5f 49 8b 94 24 18 03 00 00 48 8d 14 c2 48 83 c0
0x00007fe5b31e7d10:   01 48 83 c3 04 48 89 0a 49 89 84 24 00 03 00 00
0x00007fe5b31e7d20:   49 39 dd 77 84 48 83 c4 18 5b 41 5c 41 5d 41 5e
0x00007fe5b31e7d30:   41 5f 5d c3 0f 1f 40 00 49 8b 94 24 e0 01 00 00
0x00007fe5b31e7d40:   89 c6 83 c0 01 25 ff ff 01 00 48 89 0c f2 41 89
0x00007fe5b31e7d50:   84 24 e0 00 00 00 e9 45 ff ff ff 0f 1f 44 00 00
0x00007fe5b31e7d60:   49 8b b4 24 10 03 00 00 48 c1 e0 03 48 85 f6 75
0x00007fe5b31e7d70:   67 31 d2 48 8d 78 08 be 05 00 00 00 48 89 4d c8
0x00007fe5b31e7d80:   e8 bb 37 75 ff 48 8b 4d c8 45 31 c0 48 89 c2 49
0x00007fe5b31e7d90:   8b 84 24 e8 02 00 00 48 8d 04 c2 49 8b b4 24 18 


Stack slot to memory mapping:
stack at sp + 0 slots: 0x00000000eba08210 is an oop: [I 
{0x00000000eba08210} - klass: {type array int}
 - length: 2
stack at sp + 1 slots: 0x00000000c7319490 is an oop: java.io.FileCleanable 
{0x00000000c7319490} - klass: 'java/io/FileCleanable'
 - ---- fields (total size 7 words):
 - private 'referent' 'Ljava/lang/Object;' @12  a 'java/io/FileDescriptor'{0x00000000c73194c8} (c73194c8)
 - volatile 'queue' 'Ljava/lang/ref/ReferenceQueue;' @16  a 'java/lang/ref/ReferenceQueue'{0x00000000c03b7640} (c03b7640)
 - volatile 'next' 'Ljava/lang/ref/Reference;' @20  NULL (0)
 - private transient 'discovered' 'Ljava/lang/ref/Reference;' @24  NULL (0)
 - 'prev' 'Ljdk/internal/ref/PhantomCleanable;' @28  a 'jdk/internal/ref/CleanerImpl$PhantomCleanableRef'{0x00000000c03b75e8} (c03b75e8)
 - 'next' 'Ljdk/internal/ref/PhantomCleanable;' @32  a 'jdk/internal/ref/CleanerImpl$PhantomCleanableRef'{0x00000000c72664a8} (c72664a8)
 - private final 'list' 'Ljdk/internal/ref/PhantomCleanable;' @36  a 'jdk/internal/ref/CleanerImpl$PhantomCleanableRef'{0x00000000c03b75e8} (c03b75e8)
 - private final 'handle' 'J' @40  -1 (ffffffff ffffffff)
 - private final 'fd' 'I' @48  165 (a5)
stack at sp + 2 slots: 0x00007fe592992b40 points into unknown readable memory: 0x00007fe5b1f83f67 | 67 3f f8 b1 e5 7f 00 00
stack at sp + 3 slots: 0x00000000c731a8c0 is an oop: [Ljava.lang.Object; 
{0x00000000c731a8c0} - klass: 'java/lang/Object'[]
 - length: 215272
stack at sp + 4 slots: 0x00007fe5b1f83f67 points into unknown readable memory: 03
stack at sp + 5 slots: 0x00000000c73ecc70 is an oop: [[C 
{0x00000000c73ecc70} - klass: {type array char}[]
 - length: 215272
stack at sp + 6 slots: 0x0000000000000240 is an unknown value
stack at sp + 7 slots: 0x00007fe5b388d4c0: <offset 0x00000000013164c0> in /home/jakshas/.vscode-server/extensions/redhat.java-1.13.0-linux-x64/jre/17.0.5-linux-x86_64/lib/server/libjvm.so at 0x00007fe5b2577000


---------------  P R O C E S S  ---------------

Threads class SMR info:
_java_thread_list=0x00007fe4d8008d60, length=38, elements={
0x00007fe5ac028330, 0x00007fe5ac1a5880, 0x00007fe5ac1a6df0, 0x00007fe5ac1ce9a0,
0x00007fe5ac1d2290, 0x00007fe5ac1d3200, 0x00007fe5ac1d4850, 0x00007fe5ac1d5d00,
0x00007fe5ac1d7140, 0x00007fe5ac25cc10, 0x00007fe5ac35e360, 0x00007fe5ac553360,
0x00007fe5ac5acdb0, 0x00007fe5ac5af6d0, 0x00007fe534033720, 0x00007fe53426cd20,
0x00007fe534861c40, 0x00007fe5ac5fd510, 0x00007fe5ac8d25b0, 0x00007fe5602ed3a0,
0x00007fe57c0048d0, 0x00007fe4f4059ae0, 0x00007fe50c476070, 0x00007fe50c4876f0,
0x00007fe51815a620, 0x00007fe4d40f0490, 0x00007fe524003c30, 0x00007fe4f40e9590,
0x00007fe4ec6b00d0, 0x00007fe4ec12c110, 0x00007fe4d0007e70, 0x00007fe4cc00a130,
0x00007fe5181a01d0, 0x00007fe5181d11c0, 0x00007fe518164670, 0x00007fe5181d18f0,
0x00007fe4e80c6050, 0x00007fe51815d600
}

Java Threads: ( => current thread )
  0x00007fe5ac028330 JavaThread "main" [_thread_blocked, id=12602, stack(0x00007fe5b238b000,0x00007fe5b248b000)]
  0x00007fe5ac1a5880 JavaThread "Reference Handler" daemon [_thread_blocked, id=12611, stack(0x00007fe593bfc000,0x00007fe593cfc000)]
  0x00007fe5ac1a6df0 JavaThread "Finalizer" daemon [_thread_blocked, id=12612, stack(0x00007fe593afc000,0x00007fe593bfc000)]
  0x00007fe5ac1ce9a0 JavaThread "Signal Dispatcher" daemon [_thread_blocked, id=12613, stack(0x00007fe59349a000,0x00007fe59359a000)]
  0x00007fe5ac1d2290 JavaThread "Service Thread" daemon [_thread_blocked, id=12614, stack(0x00007fe59339a000,0x00007fe59349a000)]
  0x00007fe5ac1d3200 JavaThread "Monitor Deflation Thread" daemon [_thread_blocked, id=12615, stack(0x00007fe59329a000,0x00007fe59339a000)]
  0x00007fe5ac1d4850 JavaThread "C2 CompilerThread0" daemon [_thread_blocked, id=12616, stack(0x00007fe59319a000,0x00007fe59329a000)]
  0x00007fe5ac1d5d00 JavaThread "C1 CompilerThread0" daemon [_thread_blocked, id=12617, stack(0x00007fe59309a000,0x00007fe59319a000)]
  0x00007fe5ac1d7140 JavaThread "Sweeper thread" daemon [_thread_blocked, id=12618, stack(0x00007fe592f9a000,0x00007fe59309a000)]
  0x00007fe5ac25cc10 JavaThread "Common-Cleaner" daemon [_thread_blocked, id=12626, stack(0x00007fe592e9a000,0x00007fe592f9a000)]
  0x00007fe5ac35e360 JavaThread "Notification Thread" daemon [_thread_blocked, id=12629, stack(0x00007fe592d9a000,0x00007fe592e9a000)]
  0x00007fe5ac553360 JavaThread "Active Thread: Equinox Container: 18bb87ff-f927-438f-8c2a-47a35941c845" [_thread_blocked, id=12658, stack(0x00007fe591cfc000,0x00007fe591dfc000)]
  0x00007fe5ac5acdb0 JavaThread "Framework Event Dispatcher: Equinox Container: 18bb87ff-f927-438f-8c2a-47a35941c845" daemon [_thread_blocked, id=12660, stack(0x00007fe591bfc000,0x00007fe591cfc000)]
  0x00007fe5ac5af6d0 JavaThread "Start Level: Equinox Container: 18bb87ff-f927-438f-8c2a-47a35941c845" daemon [_thread_blocked, id=12661, stack(0x00007fe591afc000,0x00007fe591bfc000)]
  0x00007fe534033720 JavaThread "SCR Component Actor" daemon [_thread_blocked, id=12662, stack(0x00007fe591700000,0x00007fe591800000)]
  0x00007fe53426cd20 JavaThread "Worker-JM" [_thread_blocked, id=12666, stack(0x00007fe591500000,0x00007fe591600000)]
  0x00007fe534861c40 JavaThread "Java indexing" daemon [_thread_blocked, id=12673, stack(0x00007fe590a00000,0x00007fe590b00000)]
  0x00007fe5ac5fd510 JavaThread "pool-2-thread-1" [_thread_blocked, id=12675, stack(0x00007fe5906af000,0x00007fe5907af000)]
  0x00007fe5ac8d25b0 JavaThread "pool-1-thread-1" [_thread_blocked, id=12677, stack(0x00007fe590900000,0x00007fe590a00000)]
  0x00007fe5602ed3a0 JavaThread "Bundle File Closer" daemon [_thread_blocked, id=12835, stack(0x00007fe523e00000,0x00007fe523f00000)]
  0x00007fe57c0048d0 JavaThread "Attach Listener" daemon [_thread_blocked, id=12915, stack(0x00007fe5903af000,0x00007fe5904af000)]
  0x00007fe4f4059ae0 JavaThread "Java Debug Server" daemon [_thread_in_native, id=19903, stack(0x00007fe520500000,0x00007fe520600000)]
  0x00007fe50c476070 JavaThread "RxSchedulerPurge-1" daemon [_thread_blocked, id=19905, stack(0x00007fe521300000,0x00007fe521400000)]
  0x00007fe50c4876f0 JavaThread "RxCachedWorkerPoolEvictor-1" daemon [_thread_blocked, id=19906, stack(0x00007fe591400000,0x00007fe591500000)]
  0x00007fe51815a620 JavaThread "Worker-30" [_thread_blocked, id=15707, stack(0x00007fe500000000,0x00007fe500100000)]
  0x00007fe4d40f0490 JavaThread "Worker-34" [_thread_blocked, id=16854, stack(0x00007fe5904af000,0x00007fe5905af000)]
  0x00007fe524003c30 JavaThread "pool-3-thread-8" [_thread_in_native, id=22567, stack(0x00007fe500300000,0x00007fe500400000)]
  0x00007fe4f40e9590 JavaThread "RxNewThreadScheduler-19" daemon [_thread_blocked, id=22568, stack(0x00007fe4cab00000,0x00007fe4cac00000)]
  0x00007fe4ec6b00d0 JavaThread "Packet Receive Manager" daemon [_thread_in_native, id=22591, stack(0x00007fe523c00000,0x00007fe523d00000)]
  0x00007fe4ec12c110 JavaThread "Packet Send Manager" daemon [_thread_blocked, id=22593, stack(0x00007fe520600000,0x00007fe520700000)]
  0x00007fe4d0007e70 JavaThread "Event Hub" daemon [_thread_blocked, id=22595, stack(0x00007fe590b00000,0x00007fe590c00000)]
  0x00007fe4cc00a130 JavaThread "Worker-36" [_thread_blocked, id=27547, stack(0x00007fe520100000,0x00007fe520200000)]
  0x00007fe5181a01d0 JavaThread "ForkJoinPool.commonPool-worker-29" daemon [_thread_blocked, id=27548, stack(0x00007fe591600000,0x00007fe591700000)]
  0x00007fe5181d11c0 JavaThread "ForkJoinPool.commonPool-worker-30" daemon [_thread_blocked, id=27549, stack(0x00007fe5902af000,0x00007fe5903af000)]
  0x00007fe518164670 JavaThread "ForkJoinPool.commonPool-worker-31" daemon [_thread_blocked, id=27550, stack(0x00007fe500100000,0x00007fe500200000)]
  0x00007fe5181d18f0 JavaThread "ForkJoinPool.commonPool-worker-32" daemon [_thread_blocked, id=27551, stack(0x00007fe5905af000,0x00007fe5906af000)]
  0x00007fe4e80c6050 JavaThread "ForkJoinPool.commonPool-worker-33" daemon [_thread_blocked, id=27560, stack(0x00007fe520700000,0x00007fe520800000)]
  0x00007fe51815d600 JavaThread "Worker-37" [_thread_blocked, id=27753, stack(0x00007fe5900ed000,0x00007fe5901ed000)]

Other Threads:
  0x00007fe5ac195c50 VMThread "VM Thread" [stack: 0x00007fe593cfe000,0x00007fe593dfe000] [id=12608]
  0x00007fe5ac072f40 WatcherThread [stack: 0x00007fe592c9a000,0x00007fe592d9a000] [id=12630]
  0x00007fe5ac03faf0 GCTaskThread "GC Thread#0" [stack: 0x00007fe5b1e4a000,0x00007fe5b1f4a000] [id=12603]
  0x00007fe58c001230 GCTaskThread "GC Thread#1" [stack: 0x00007fe592a98000,0x00007fe592b98000] [id=12646]
  0x00007fe58c002e50 GCTaskThread "GC Thread#2" [stack: 0x00007fe592996000,0x00007fe592a96000] [id=12647]
=>0x00007fe58c003850 GCTaskThread "GC Thread#3" [stack: 0x00007fe592894000,0x00007fe592994000] [id=12648]
  0x00007fe58c004250 GCTaskThread "GC Thread#4" [stack: 0x00007fe591f00000,0x00007fe592000000] [id=12649]
  0x00007fe58c004c90 GCTaskThread "GC Thread#5" [stack: 0x00007fe591dfe000,0x00007fe591efe000] [id=12650]

Threads with active compile tasks:

VM state: at safepoint (normal execution)

VM Mutex/Monitor currently owned by a thread:  ([mutex/lock_event])
[0x00007fe5ac025100] Threads_lock - owner thread: 0x00007fe5ac195c50
[0x00007fe5ac0258b0] Heap_lock - owner thread: 0x00007fe534861c40

Heap address: 0x00000000c0000000, size: 1024 MB, Compressed Oops mode: 32-bit

CDS archive(s) not mapped
Compressed class space mapped at: 0x0000000100000000-0x0000000140000000, reserved size: 1073741824
Narrow klass base: 0x0000000000000000, Narrow klass shift: 3, Narrow klass range: 0x140000000

GC Precious Log:
 CPUs: 6 total, 6 available
 Memory: 12734M
 Large Page Support: Disabled
 NUMA Support: Disabled
 Compressed Oops: Enabled (32-bit)
 Alignments: Space 512K, Generation 512K, Heap 2M
 Heap Min Capacity: 100M
 Heap Initial Capacity: 100M
 Heap Max Capacity: 1G
 Pre-touch: Disabled
 Parallel Workers: 6

Heap:
 PSYoungGen      total 15872K, used 15456K [0x00000000eab00000, 0x00000000ec380000, 0x0000000100000000)
  eden space 7680K, 100% used [0x00000000eab00000,0x00000000eb280000,0x00000000eb280000)
  from space 8192K, 94% used [0x00000000eb280000,0x00000000eba18000,0x00000000eba80000)
  to   space 8704K, 69% used [0x00000000ebb00000,0x00000000ec0ea000,0x00000000ec380000)
 ParOldGen       total 176128K, used 134273K [0x00000000c0000000, 0x00000000cac00000, 0x00000000eab00000)
  object space 176128K, 76% used [0x00000000c0000000,0x00000000c8320628,0x00000000cac00000)
 Metaspace       used 102674K, committed 104128K, reserved 1146880K
  class space    used 10205K, committed 10816K, reserved 1048576K

Card table byte_map: [0x00007fe5b1f4a000,0x00007fe5b214b000] _byte_map_base: 0x00007fe5b194a000

Marking Bits: (ParMarkBitMap*) 0x00007fe5b388d660
 Begin Bits: [0x00007fe5983ee000, 0x00007fe5993ee000)
 End Bits:   [0x00007fe5993ee000, 0x00007fe59a3ee000)

Polling page: 0x00007fe5b3b21000

Metaspace:

Usage:
  Non-class:     90,30 MB used.
      Class:      9,97 MB used.
       Both:    100,27 MB used.

Virtual space:
  Non-class space:       96,00 MB reserved,      91,12 MB ( 95%) committed,  12 nodes.
      Class space:        1,00 GB reserved,      10,56 MB (  1%) committed,  1 nodes.
             Both:        1,09 GB reserved,     101,69 MB (  9%) committed. 

Chunk freelists:
   Non-Class:  4,09 MB
       Class:  1,49 MB
        Both:  5,58 MB

MaxMetaspaceSize: unlimited
CompressedClassSpaceSize: 1,00 GB
Initial GC threshold: 21,00 MB
Current GC threshold: 169,50 MB
CDS: off
MetaspaceReclaimPolicy: balanced
 - commit_granule_bytes: 65536.
 - commit_granule_words: 8192.
 - virtual_space_node_default_size: 1048576.
 - enlarge_chunks_in_place: 1.
 - new_chunks_are_fully_committed: 0.
 - uncommit_free_chunks: 1.
 - use_allocation_guard: 0.
 - handle_deallocations: 1.


Internal statistics:

num_allocs_failed_limit: 6.
num_arena_births: 1438.
num_arena_deaths: 616.
num_vsnodes_births: 13.
num_vsnodes_deaths: 0.
num_space_committed: 1652.
num_space_uncommitted: 25.
num_chunks_returned_to_freelist: 956.
num_chunks_taken_from_freelist: 6115.
num_chunk_merges: 294.
num_chunk_splits: 3618.
num_chunks_enlarged: 2160.
num_purges: 24.
num_inconsistent_stats: 0.

CodeHeap 'non-profiled nmethods': size=120032Kb used=28730Kb max_used=28946Kb free=91301Kb
 bounds [0x00007fe5a1eb6000, 0x00007fe5a3b16000, 0x00007fe5a93ee000]
CodeHeap 'profiled nmethods': size=120028Kb used=46006Kb max_used=46006Kb free=74021Kb
 bounds [0x00007fe59a97f000, 0x00007fe59d67f000, 0x00007fe5a1eb6000]
CodeHeap 'non-nmethods': size=5700Kb used=1456Kb max_used=1541Kb free=4243Kb
 bounds [0x00007fe59a3ee000, 0x00007fe59a65e000, 0x00007fe59a97f000]
 total_blobs=22420 nmethods=21602 adapters=728
 compilation: enabled
              stopped_count=0, restarted_count=0
 full_count=0

Compilation events (20 events):
Event: 10188,460 Thread 0x00007fe5ac1d5d00 30562       3       sun.reflect.generics.tree.MethodTypeSignature::make (12 bytes)
Event: 10188,460 Thread 0x00007fe5ac1d5d00 nmethod 30562 0x00007fe59d672290 code [0x00007fe59d672440, 0x00007fe59d672690]
Event: 10188,460 Thread 0x00007fe5ac1d5d00 30563       3       sun.reflect.generics.tree.MethodTypeSignature::<init> (26 bytes)
Event: 10188,460 Thread 0x00007fe5ac1d5d00 nmethod 30563 0x00007fe59d672790 code [0x00007fe59d672940, 0x00007fe59d672af0]
Event: 10188,512 Thread 0x00007fe5ac1d4850 30564       4       java.util.AbstractCollection::toArray (70 bytes)
Event: 10188,513 Thread 0x00007fe5ac1d4850 nmethod 30564 0x00007fe5a3561f90 code [0x00007fe5a3562140, 0x00007fe5a35623f8]
Event: 10188,764 Thread 0x00007fe5ac1d4850 30565       4       org.eclipse.jdt.internal.compiler.lookup.MethodVerifier::areReturnTypesCompatible (105 bytes)
Event: 10188,765 Thread 0x00007fe5ac1d4850 nmethod 30565 0x00007fe5a3889090 code [0x00007fe5a3889220, 0x00007fe5a38893f8]
Event: 10188,781 Thread 0x00007fe5ac1d4850 30566       4       org.eclipse.jdt.internal.compiler.lookup.ConstraintFormula::applySubstitution (53 bytes)
Event: 10188,782 Thread 0x00007fe5ac1d5d00 30567       3       org.eclipse.jdt.internal.compiler.lookup.MethodVerifier::isSubstituteParameterSubsignature (147 bytes)
Event: 10188,783 Thread 0x00007fe5ac1d5d00 nmethod 30567 0x00007fe59d672b90 code [0x00007fe59d672ea0, 0x00007fe59d673fc0]
Event: 10188,790 Thread 0x00007fe5ac1d4850 nmethod 30566 0x00007fe5a3887c10 code [0x00007fe5a3887e20, 0x00007fe5a3888790]
Event: 10188,791 Thread 0x00007fe5ac1d4850 30568       4       org.eclipse.jdt.internal.compiler.ast.ReturnStatement::analyseCode (586 bytes)
Event: 10188,855 Thread 0x00007fe5ac1d4850 nmethod 30568 0x00007fe5a31aa990 code [0x00007fe5a31aaea0, 0x00007fe5a31af188]
Event: 10188,855 Thread 0x00007fe5ac1d4850 30569       4       org.eclipse.jdt.internal.compiler.codegen.ConstantPool::literalIndexForNameAndType (220 bytes)
Event: 10188,895 Thread 0x00007fe5ac1d4850 nmethod 30569 0x00007fe5a300cb10 code [0x00007fe5a300cdc0, 0x00007fe5a300f630]
Event: 10188,895 Thread 0x00007fe5ac1d4850 30570       4       org.eclipse.jdt.internal.compiler.lookup.ParameterizedTypeBinding::capture (303 bytes)
Event: 10188,902 Thread 0x00007fe5ac1d4850 nmethod 30570 0x00007fe5a3293210 code [0x00007fe5a3293420, 0x00007fe5a3293cf8]
Event: 10196,017 Thread 0x00007fe5ac1d5d00 30571   !   3       org.eclipse.jdt.apt.core.internal.AptPlugin::getAptProject (62 bytes)
Event: 10196,017 Thread 0x00007fe5ac1d5d00 nmethod 30571 0x00007fe59d674390 code [0x00007fe59d6745a0, 0x00007fe59d674c80]

GC Heap History (20 events):
Event: 10188,360 GC heap after
{Heap after GC invocations=4032 (full 142):
 PSYoungGen      total 7680K, used 3136K [0x00000000eab00000, 0x00000000eb680000, 0x0000000100000000)
  eden space 4096K, 0% used [0x00000000eab00000,0x00000000eab00000,0x00000000eaf00000)
  from space 3584K, 87% used [0x00000000eb300000,0x00000000eb610000,0x00000000eb680000)
  to   space 3584K, 0% used [0x00000000eaf80000,0x00000000eaf80000,0x00000000eb300000)
 ParOldGen       total 171008K, used 152424K [0x00000000c0000000, 0x00000000ca700000, 0x00000000eab00000)
  object space 171008K, 89% used [0x00000000c0000000,0x00000000c94da3c8,0x00000000ca700000)
 Metaspace       used 102662K, committed 104128K, reserved 1146880K
  class space    used 10205K, committed 10816K, reserved 1048576K
}
Event: 10188,370 GC heap before
{Heap before GC invocations=4033 (full 142):
 PSYoungGen      total 7680K, used 7232K [0x00000000eab00000, 0x00000000eb680000, 0x0000000100000000)
  eden space 4096K, 100% used [0x00000000eab00000,0x00000000eaf00000,0x00000000eaf00000)
  from space 3584K, 87% used [0x00000000eb300000,0x00000000eb610000,0x00000000eb680000)
  to   space 3584K, 0% used [0x00000000eaf80000,0x00000000eaf80000,0x00000000eb300000)
 ParOldGen       total 171008K, used 152424K [0x00000000c0000000, 0x00000000ca700000, 0x00000000eab00000)
  object space 171008K, 89% used [0x00000000c0000000,0x00000000c94da3c8,0x00000000ca700000)
 Metaspace       used 102662K, committed 104128K, reserved 1146880K
  class space    used 10205K, committed 10816K, reserved 1048576K
}
Event: 10188,377 GC heap after
{Heap after GC invocations=4033 (full 142):
 PSYoungGen      total 8192K, used 3568K [0x00000000eab00000, 0x00000000ebf00000, 0x0000000100000000)
  eden space 4608K, 0% used [0x00000000eab00000,0x00000000eab00000,0x00000000eaf80000)
  from space 3584K, 99% used [0x00000000eaf80000,0x00000000eb2fc000,0x00000000eb300000)
  to   space 7680K, 0% used [0x00000000eb780000,0x00000000eb780000,0x00000000ebf00000)
 ParOldGen       total 171008K, used 155696K [0x00000000c0000000, 0x00000000ca700000, 0x00000000eab00000)
  object space 171008K, 91% used [0x00000000c0000000,0x00000000c980c3c8,0x00000000ca700000)
 Metaspace       used 102662K, committed 104128K, reserved 1146880K
  class space    used 10205K, committed 10816K, reserved 1048576K
}
Event: 10188,419 GC heap before
{Heap before GC invocations=4034 (full 142):
 PSYoungGen      total 8192K, used 7981K [0x00000000eab00000, 0x00000000ebf00000, 0x0000000100000000)
  eden space 4608K, 95% used [0x00000000eab00000,0x00000000eaf4f7f0,0x00000000eaf80000)
  from space 3584K, 99% used [0x00000000eaf80000,0x00000000eb2fc000,0x00000000eb300000)
  to   space 7680K, 0% used [0x00000000eb780000,0x00000000eb780000,0x00000000ebf00000)
 ParOldGen       total 171008K, used 155696K [0x00000000c0000000, 0x00000000ca700000, 0x00000000eab00000)
  object space 171008K, 91% used [0x00000000c0000000,0x00000000c980c3c8,0x00000000ca700000)
 Metaspace       used 102662K, committed 104128K, reserved 1146880K
  class space    used 10205K, committed 10816K, reserved 1048576K
}
Event: 10188,423 GC heap after
{Heap after GC invocations=4034 (full 142):
 PSYoungGen      total 9216K, used 3309K [0x00000000eab00000, 0x00000000ebb00000, 0x0000000100000000)
  eden space 5632K, 0% used [0x00000000eab00000,0x00000000eab00000,0x00000000eb080000)
  from space 3584K, 92% used [0x00000000eb780000,0x00000000ebabb600,0x00000000ebb00000)
  to   space 4608K, 0% used [0x00000000eb200000,0x00000000eb200000,0x00000000eb680000)
 ParOldGen       total 171008K, used 158960K [0x00000000c0000000, 0x00000000ca700000, 0x00000000eab00000)
  object space 171008K, 92% used [0x00000000c0000000,0x00000000c9b3c3c8,0x00000000ca700000)
 Metaspace       used 102662K, committed 104128K, reserved 1146880K
  class space    used 10205K, committed 10816K, reserved 1048576K
}
Event: 10188,530 GC heap before
{Heap before GC invocations=4035 (full 142):
 PSYoungGen      total 9216K, used 8941K [0x00000000eab00000, 0x00000000ebb00000, 0x0000000100000000)
  eden space 5632K, 99% used [0x00000000eab00000,0x00000000eb07fff8,0x00000000eb080000)
  from space 3584K, 92% used [0x00000000eb780000,0x00000000ebabb600,0x00000000ebb00000)
  to   space 4608K, 0% used [0x00000000eb200000,0x00000000eb200000,0x00000000eb680000)
 ParOldGen       total 171008K, used 158960K [0x00000000c0000000, 0x00000000ca700000, 0x00000000eab00000)
  object space 171008K, 92% used [0x00000000c0000000,0x00000000c9b3c3c8,0x00000000ca700000)
 Metaspace       used 102674K, committed 104128K, reserved 1146880K
  class space    used 10205K, committed 10816K, reserved 1048576K
}
Event: 10188,533 GC heap after
{Heap after GC invocations=4035 (full 142):
 PSYoungGen      total 8192K, used 922K [0x00000000eab00000, 0x00000000eb800000, 0x0000000100000000)
  eden space 7168K, 0% used [0x00000000eab00000,0x00000000eab00000,0x00000000eb200000)
  from space 1024K, 90% used [0x00000000eb200000,0x00000000eb2e6900,0x00000000eb300000)
  to   space 2048K, 0% used [0x00000000eb600000,0x00000000eb600000,0x00000000eb800000)
 ParOldGen       total 171008K, used 161160K [0x00000000c0000000, 0x00000000ca700000, 0x00000000eab00000)
  object space 171008K, 94% used [0x00000000c0000000,0x00000000c9d623e8,0x00000000ca700000)
 Metaspace       used 102674K, committed 104128K, reserved 1146880K
  class space    used 10205K, committed 10816K, reserved 1048576K
}
Event: 10188,767 GC heap before
{Heap before GC invocations=4036 (full 142):
 PSYoungGen      total 8192K, used 8090K [0x00000000eab00000, 0x00000000eb800000, 0x0000000100000000)
  eden space 7168K, 99% used [0x00000000eab00000,0x00000000eb1fffd8,0x00000000eb200000)
  from space 1024K, 90% used [0x00000000eb200000,0x00000000eb2e6900,0x00000000eb300000)
  to   space 2048K, 0% used [0x00000000eb600000,0x00000000eb600000,0x00000000eb800000)
 ParOldGen       total 171008K, used 161160K [0x00000000c0000000, 0x00000000ca700000, 0x00000000eab00000)
  object space 171008K, 94% used [0x00000000c0000000,0x00000000c9d623e8,0x00000000ca700000)
 Metaspace       used 102674K, committed 104128K, reserved 1146880K
  class space    used 10205K, committed 10816K, reserved 1048576K
}
Event: 10188,769 GC heap after
{Heap after GC invocations=4036 (full 142):
 PSYoungGen      total 10240K, used 1315K [0x00000000eab00000, 0x00000000eb780000, 0x0000000100000000)
  eden space 8704K, 0% used [0x00000000eab00000,0x00000000eab00000,0x00000000eb380000)
  from space 1536K, 85% used [0x00000000eb600000,0x00000000eb748d20,0x00000000eb780000)
  to   space 1536K, 0% used [0x00000000eb480000,0x00000000eb480000,0x00000000eb600000)
 ParOldGen       total 171008K, used 161973K [0x00000000c0000000, 0x00000000ca700000, 0x00000000eab00000)
  object space 171008K, 94% used [0x00000000c0000000,0x00000000c9e2d608,0x00000000ca700000)
 Metaspace       used 102674K, committed 104128K, reserved 1146880K
  class space    used 10205K, committed 10816K, reserved 1048576K
}
Event: 10188,793 GC heap before
{Heap before GC invocations=4037 (full 142):
 PSYoungGen      total 10240K, used 10017K [0x00000000eab00000, 0x00000000eb780000, 0x0000000100000000)
  eden space 8704K, 99% used [0x00000000eab00000,0x00000000eb37f900,0x00000000eb380000)
  from space 1536K, 85% used [0x00000000eb600000,0x00000000eb748d20,0x00000000eb780000)
  to   space 1536K, 0% used [0x00000000eb480000,0x00000000eb480000,0x00000000eb600000)
 ParOldGen       total 171008K, used 161973K [0x00000000c0000000, 0x00000000ca700000, 0x00000000eab00000)
  object space 171008K, 94% used [0x00000000c0000000,0x00000000c9e2d608,0x00000000ca700000)
 Metaspace       used 102674K, committed 104128K, reserved 1146880K
  class space    used 10205K, committed 10816K, reserved 1048576K
}
Event: 10188,795 GC heap after
{Heap after GC invocations=4037 (full 142):
 PSYoungGen      total 10240K, used 1530K [0x00000000eab00000, 0x00000000eb980000, 0x0000000100000000)
  eden space 8704K, 0% used [0x00000000eab00000,0x00000000eab00000,0x00000000eb380000)
  from space 1536K, 99% used [0x00000000eb480000,0x00000000eb5fe900,0x00000000eb600000)
  to   space 3072K, 0% used [0x00000000eb680000,0x00000000eb680000,0x00000000eb980000)
 ParOldGen       total 171008K, used 163227K [0x00000000c0000000, 0x00000000ca700000, 0x00000000eab00000)
  object space 171008K, 95% used [0x00000000c0000000,0x00000000c9f66c68,0x00000000ca700000)
 Metaspace       used 102674K, committed 104128K, reserved 1146880K
  class space    used 10205K, committed 10816K, reserved 1048576K
}
Event: 10196,039 GC heap before
{Heap before GC invocations=4038 (full 142):
 PSYoungGen      total 10240K, used 10234K [0x00000000eab00000, 0x00000000eb980000, 0x0000000100000000)
  eden space 8704K, 100% used [0x00000000eab00000,0x00000000eb380000,0x00000000eb380000)
  from space 1536K, 99% used [0x00000000eb480000,0x00000000eb5fe900,0x00000000eb600000)
  to   space 3072K, 0% used [0x00000000eb680000,0x00000000eb680000,0x00000000eb980000)
 ParOldGen       total 171008K, used 163227K [0x00000000c0000000, 0x00000000ca700000, 0x00000000eab00000)
  object space 171008K, 95% used [0x00000000c0000000,0x00000000c9f66c68,0x00000000ca700000)
 Metaspace       used 102674K, committed 104128K, reserved 1146880K
  class space    used 10205K, committed 10816K, reserved 1048576K
}
Event: 10196,042 GC heap after
{Heap after GC invocations=4038 (full 142):
 PSYoungGen      total 9216K, used 3057K [0x00000000eab00000, 0x00000000ebe80000, 0x0000000100000000)
  eden space 6144K, 0% used [0x00000000eab00000,0x00000000eab00000,0x00000000eb100000)
  from space 3072K, 99% used [0x00000000eb680000,0x00000000eb97c760,0x00000000eb980000)
  to   space 5632K, 0% used [0x00000000eb100000,0x00000000eb100000,0x00000000eb680000)
 ParOldGen       total 171008K, used 165174K [0x00000000c0000000, 0x00000000ca700000, 0x00000000eab00000)
  object space 171008K, 96% used [0x00000000c0000000,0x00000000ca14da30,0x00000000ca700000)
 Metaspace       used 102674K, committed 104128K, reserved 1146880K
  class space    used 10205K, committed 10816K, reserved 1048576K
}
Event: 10196,049 GC heap before
{Heap before GC invocations=4039 (full 142):
 PSYoungGen      total 9216K, used 9201K [0x00000000eab00000, 0x00000000ebe80000, 0x0000000100000000)
  eden space 6144K, 100% used [0x00000000eab00000,0x00000000eb100000,0x00000000eb100000)
  from space 3072K, 99% used [0x00000000eb680000,0x00000000eb97c760,0x00000000eb980000)
  to   space 5632K, 0% used [0x00000000eb100000,0x00000000eb100000,0x00000000eb680000)
 ParOldGen       total 171008K, used 165174K [0x00000000c0000000, 0x00000000ca700000, 0x00000000eab00000)
  object space 171008K, 96% used [0x00000000c0000000,0x00000000ca14da30,0x00000000ca700000)
 Metaspace       used 102674K, committed 104128K, reserved 1146880K
  class space    used 10205K, committed 10816K, reserved 1048576K
}
Event: 10196,053 GC heap after
{Heap after GC invocations=4039 (full 142):
 PSYoungGen      total 11776K, used 5632K [0x00000000eab00000, 0x00000000ec680000, 0x0000000100000000)
  eden space 6144K, 0% used [0x00000000eab00000,0x00000000eab00000,0x00000000eb100000)
  from space 5632K, 100% used [0x00000000eb100000,0x00000000eb680000,0x00000000eb680000)
  to   space 10240K, 0% used [0x00000000ebc80000,0x00000000ebc80000,0x00000000ec680000)
 ParOldGen       total 171008K, used 168736K [0x00000000c0000000, 0x00000000ca700000, 0x00000000eab00000)
  object space 171008K, 98% used [0x00000000c0000000,0x00000000ca4c8190,0x00000000ca700000)
 Metaspace       used 102674K, committed 104128K, reserved 1146880K
  class space    used 10205K, committed 10816K, reserved 1048576K
}
Event: 10196,053 GC heap before
{Heap before GC invocations=4040 (full 143):
 PSYoungGen      total 11776K, used 5632K [0x00000000eab00000, 0x00000000ec680000, 0x0000000100000000)
  eden space 6144K, 0% used [0x00000000eab00000,0x00000000eab00000,0x00000000eb100000)
  from space 5632K, 100% used [0x00000000eb100000,0x00000000eb680000,0x00000000eb680000)
  to   space 10240K, 0% used [0x00000000ebc80000,0x00000000ebc80000,0x00000000ec680000)
 ParOldGen       total 171008K, used 168736K [0x00000000c0000000, 0x00000000ca700000, 0x00000000eab00000)
  object space 171008K, 98% used [0x00000000c0000000,0x00000000ca4c8190,0x00000000ca700000)
 Metaspace       used 102674K, committed 104128K, reserved 1146880K
  class space    used 10205K, committed 10816K, reserved 1048576K
}
Event: 10196,133 GC heap after
{Heap after GC invocations=4040 (full 143):
 PSYoungGen      total 17920K, used 0K [0x00000000eab00000, 0x00000000ec680000, 0x0000000100000000)
  eden space 7680K, 0% used [0x00000000eab00000,0x00000000eab00000,0x00000000eb280000)
  from space 10240K, 0% used [0x00000000ebc80000,0x00000000ebc80000,0x00000000ec680000)
  to   space 10240K, 0% used [0x00000000eb280000,0x00000000eb280000,0x00000000ebc80000)
 ParOldGen       total 176128K, used 126897K [0x00000000c0000000, 0x00000000cac00000, 0x00000000eab00000)
  object space 176128K, 72% used [0x00000000c0000000,0x00000000c7bec628,0x00000000cac00000)
 Metaspace       used 102674K, committed 104128K, reserved 1146880K
  class space    used 10205K, committed 10816K, reserved 1048576K
}
Event: 10196,140 GC heap before
{Heap before GC invocations=4041 (full 143):
 PSYoungGen      total 17920K, used 7680K [0x00000000eab00000, 0x00000000ec680000, 0x0000000100000000)
  eden space 7680K, 100% used [0x00000000eab00000,0x00000000eb280000,0x00000000eb280000)
  from space 10240K, 0% used [0x00000000ebc80000,0x00000000ebc80000,0x00000000ec680000)
  to   space 10240K, 0% used [0x00000000eb280000,0x00000000eb280000,0x00000000ebc80000)
 ParOldGen       total 176128K, used 126897K [0x00000000c0000000, 0x00000000cac00000, 0x00000000eab00000)
  object space 176128K, 72% used [0x00000000c0000000,0x00000000c7bec628,0x00000000cac00000)
 Metaspace       used 102674K, committed 104128K, reserved 1146880K
  class space    used 10205K, committed 10816K, reserved 1048576K
}
Event: 10196,150 GC heap after
{Heap after GC invocations=4041 (full 143):
 PSYoungGen      total 15872K, used 7776K [0x00000000eab00000, 0x00000000ec380000, 0x0000000100000000)
  eden space 7680K, 0% used [0x00000000eab00000,0x00000000eab00000,0x00000000eb280000)
  from space 8192K, 94% used [0x00000000eb280000,0x00000000eba18000,0x00000000eba80000)
  to   space 8704K, 0% used [0x00000000ebb00000,0x00000000ebb00000,0x00000000ec380000)
 ParOldGen       total 176128K, used 126897K [0x00000000c0000000, 0x00000000cac00000, 0x00000000eab00000)
  object space 176128K, 72% used [0x00000000c0000000,0x00000000c7bec628,0x00000000cac00000)
 Metaspace       used 102674K, committed 104128K, reserved 1146880K
  class space    used 10205K, committed 10816K, reserved 1048576K
}
Event: 10196,182 GC heap before
{Heap before GC invocations=4042 (full 143):
 PSYoungGen      total 15872K, used 15456K [0x00000000eab00000, 0x00000000ec380000, 0x0000000100000000)
  eden space 7680K, 100% used [0x00000000eab00000,0x00000000eb280000,0x00000000eb280000)
  from space 8192K, 94% used [0x00000000eb280000,0x00000000eba18000,0x00000000eba80000)
  to   space 8704K, 0% used [0x00000000ebb00000,0x00000000ebb00000,0x00000000ec380000)
 ParOldGen       total 176128K, used 126897K [0x00000000c0000000, 0x00000000cac00000, 0x00000000eab00000)
  object space 176128K, 72% used [0x00000000c0000000,0x00000000c7bec628,0x00000000cac00000)
 Metaspace       used 102674K, committed 104128K, reserved 1146880K
  class space    used 10205K, committed 10816K, reserved 1048576K
}

Dll operation events (10 events):
Event: 0,010 Loaded shared library /home/jakshas/.vscode-server/extensions/redhat.java-1.13.0-linux-x64/jre/17.0.5-linux-x86_64/lib/libjava.so
Event: 0,333 Loaded shared library /home/jakshas/.vscode-server/extensions/redhat.java-1.13.0-linux-x64/jre/17.0.5-linux-x86_64/lib/libzip.so
Event: 0,334 Loaded shared library /home/jakshas/.vscode-server/extensions/redhat.java-1.13.0-linux-x64/jre/17.0.5-linux-x86_64/lib/libinstrument.so
Event: 0,339 Loaded shared library /home/jakshas/.vscode-server/extensions/redhat.java-1.13.0-linux-x64/jre/17.0.5-linux-x86_64/lib/libnio.so
Event: 0,361 Loaded shared library /home/jakshas/.vscode-server/extensions/redhat.java-1.13.0-linux-x64/jre/17.0.5-linux-x86_64/lib/libzip.so
Event: 0,386 Loaded shared library /home/jakshas/.vscode-server/extensions/redhat.java-1.13.0-linux-x64/jre/17.0.5-linux-x86_64/lib/libjimage.so
Event: 0,428 Loaded shared library /home/jakshas/.vscode-server/extensions/redhat.java-1.13.0-linux-x64/jre/17.0.5-linux-x86_64/lib/libverify.so
Event: 1,244 Loaded shared library /home/jakshas/.vscode-server/extensions/redhat.java-1.13.0-linux-x64/jre/17.0.5-linux-x86_64/lib/libnet.so
Event: 1,625 Loaded shared library /home/jakshas/.vscode-server/data/User/globalStorage/redhat.java/1.13.0/config_linux/org.eclipse.equinox.launcher/org.eclipse.equinox.launcher.gtk.linux.x86_64_1.2.600.v20220720-1916/eclipse_11701.so
Event: 729,524 Loaded shared library /home/jakshas/.vscode-server/extensions/redhat.java-1.13.0-linux-x64/jre/17.0.5-linux-x86_64/lib/libextnet.so

Deoptimization events (20 events):
Event: 10188,217 Thread 0x00007fe4e80c6050 Uncommon trap: trap_request=0xffffff45 fr.pc=0x00007fe5a24dedec relative=0x000000000000156c
Event: 10188,217 Thread 0x00007fe4e80c6050 Uncommon trap: reason=unstable_if action=reinterpret pc=0x00007fe5a24dedec method=org.eclipse.jdt.core.dom.ASTConverter.lookupForScopes()V @ 4 c2
Event: 10188,217 Thread 0x00007fe4e80c6050 DEOPT PACKING pc=0x00007fe5a24dedec sp=0x00007fe5207fdc40
Event: 10188,217 Thread 0x00007fe4e80c6050 DEOPT UNPACKING pc=0x00007fe59a43fd99 sp=0x00007fe5207fdc18 mode 2
Event: 10195,831 Thread 0x00007fe5181d18f0 Uncommon trap: trap_request=0xffffff45 fr.pc=0x00007fe5a37d749c relative=0x000000000000155c
Event: 10195,831 Thread 0x00007fe5181d18f0 Uncommon trap: reason=unstable_if action=reinterpret pc=0x00007fe5a37d749c method=org.eclipse.jdt.internal.compiler.ast.SingleTypeReference.getTypeBinding(Lorg/eclipse/jdt/internal/compiler/lookup/Scope;)Lorg/eclipse/jdt/internal/compiler/lookup/TypeBindi
Event: 10195,831 Thread 0x00007fe5181d18f0 DEOPT PACKING pc=0x00007fe5a37d749c sp=0x00007fe5906ac6f0
Event: 10195,831 Thread 0x00007fe5181d18f0 DEOPT UNPACKING pc=0x00007fe59a43fd99 sp=0x00007fe5906ac668 mode 2
Event: 10195,831 Thread 0x00007fe5181d18f0 Uncommon trap: trap_request=0xffffffc6 fr.pc=0x00007fe5a3291068 relative=0x00000000000005e8
Event: 10195,831 Thread 0x00007fe5181d18f0 Uncommon trap: reason=bimorphic_or_optimized_type_check action=maybe_recompile pc=0x00007fe5a3291068 method=org.eclipse.jdt.internal.compiler.ast.TypeReference.resolveSuperType(Lorg/eclipse/jdt/internal/compiler/lookup/ClassScope;)Lorg/eclipse/jdt/interna
Event: 10195,831 Thread 0x00007fe5181d18f0 DEOPT PACKING pc=0x00007fe5a3291068 sp=0x00007fe5906ac780
Event: 10195,831 Thread 0x00007fe5181d18f0 DEOPT UNPACKING pc=0x00007fe59a43fd99 sp=0x00007fe5906ac638 mode 2
Event: 10195,832 Thread 0x00007fe5181d18f0 Uncommon trap: trap_request=0xffffffc6 fr.pc=0x00007fe5a2ee61dc relative=0x000000000000369c
Event: 10195,832 Thread 0x00007fe5181d18f0 Uncommon trap: reason=bimorphic_or_optimized_type_check action=maybe_recompile pc=0x00007fe5a2ee61dc method=org.eclipse.jdt.internal.compiler.lookup.MethodVerifier.collectAllDistinctSuperInterfaces([Lorg/eclipse/jdt/internal/compiler/lookup/ReferenceBindi
Event: 10195,832 Thread 0x00007fe5181d18f0 DEOPT PACKING pc=0x00007fe5a2ee61dc sp=0x00007fe5906ac5b0
Event: 10195,832 Thread 0x00007fe5181d18f0 DEOPT UNPACKING pc=0x00007fe59a43fd99 sp=0x00007fe5906ac5f0 mode 2
Event: 10195,832 Thread 0x00007fe5181d18f0 Uncommon trap: trap_request=0xffffff45 fr.pc=0x00007fe5a283cae4 relative=0x0000000000001444
Event: 10195,832 Thread 0x00007fe5181d18f0 Uncommon trap: reason=unstable_if action=reinterpret pc=0x00007fe5a283cae4 method=org.eclipse.jdt.internal.compiler.lookup.TypeBinding.isHierarchyInconsistent()Z @ 10 c2
Event: 10195,832 Thread 0x00007fe5181d18f0 DEOPT PACKING pc=0x00007fe5a283cae4 sp=0x00007fe5906ac5f0
Event: 10195,832 Thread 0x00007fe5181d18f0 DEOPT UNPACKING pc=0x00007fe59a43fd99 sp=0x00007fe5906ac560 mode 2

Classes unloaded (20 events):
Event: 10143,408 Thread 0x00007fe5ac195c50 Unloading class 0x0000000100931800 'jdk/internal/reflect/GeneratedSerializationConstructorAccessor36'
Event: 10143,408 Thread 0x00007fe5ac195c50 Unloading class 0x00000001009d4c00 'java/lang/invoke/LambdaForm$MH+0x00000001009d4c00'
Event: 10143,408 Thread 0x00007fe5ac195c50 Unloading class 0x00000001002a4400 'java/lang/invoke/LambdaForm$MH+0x00000001002a4400'
Event: 10143,408 Thread 0x00007fe5ac195c50 Unloading class 0x00000001002b5c00 'java/lang/invoke/LambdaForm$DMH+0x00000001002b5c00'
Event: 10143,408 Thread 0x00007fe5ac195c50 Unloading class 0x00000001002b7c00 'jdk/internal/reflect/GeneratedSerializationConstructorAccessor35'
Event: 10143,408 Thread 0x00007fe5ac195c50 Unloading class 0x00000001002b8000 'jdk/internal/reflect/GeneratedSerializationConstructorAccessor34'
Event: 10143,408 Thread 0x00007fe5ac195c50 Unloading class 0x00000001002b8c00 'jdk/internal/reflect/GeneratedSerializationConstructorAccessor33'
Event: 10143,408 Thread 0x00007fe5ac195c50 Unloading class 0x00000001002bac00 'jdk/internal/reflect/GeneratedMethodAccessor88'
Event: 10143,408 Thread 0x00007fe5ac195c50 Unloading class 0x00000001002bd800 'jdk/internal/reflect/GeneratedMethodAccessor87'
Event: 10143,408 Thread 0x00007fe5ac195c50 Unloading class 0x00000001002c2000 'jdk/internal/reflect/GeneratedMethodAccessor86'
Event: 10143,408 Thread 0x00007fe5ac195c50 Unloading class 0x00000001005b0400 'jdk/internal/reflect/GeneratedMethodAccessor85'
Event: 10143,408 Thread 0x00007fe5ac195c50 Unloading class 0x00000001005b1800 'jdk/internal/reflect/GeneratedMethodAccessor84'
Event: 10143,408 Thread 0x00007fe5ac195c50 Unloading class 0x00000001006ca800 'jdk/internal/reflect/GeneratedMethodAccessor83'
Event: 10143,408 Thread 0x00007fe5ac195c50 Unloading class 0x0000000100734800 'jdk/internal/reflect/GeneratedMethodAccessor82'
Event: 10143,408 Thread 0x00007fe5ac195c50 Unloading class 0x0000000100768800 'jdk/internal/reflect/GeneratedMethodAccessor81'
Event: 10143,408 Thread 0x00007fe5ac195c50 Unloading class 0x0000000100798800 'jdk/internal/reflect/GeneratedMethodAccessor80'
Event: 10143,408 Thread 0x00007fe5ac195c50 Unloading class 0x0000000100931000 'jdk/internal/reflect/GeneratedMethodAccessor79'
Event: 10143,408 Thread 0x00007fe5ac195c50 Unloading class 0x0000000100932000 'jdk/internal/reflect/GeneratedMethodAccessor78'
Event: 10143,408 Thread 0x00007fe5ac195c50 Unloading class 0x00000001009d6000 'jdk/internal/reflect/GeneratedMethodAccessor77'
Event: 10143,408 Thread 0x00007fe5ac195c50 Unloading class 0x00000001009f5000 'jdk/internal/reflect/GeneratedMethodAccessor76'

Classes redefined (0 events):
No events

Internal exceptions (20 events):
Event: 10188,453 Thread 0x00007fe51815d600 Exception <a 'java/lang/NullPointerException'{0x00000000eae109a8}> (0x00000000eae109a8) 
thrown [src/hotspot/share/runtime/sharedRuntime.cpp, line 628]
Event: 10188,453 Thread 0x00007fe51815d600 Implicit null exception at 0x00007fe59bbbda3f to 0x00007fe59bbc27ca
Event: 10188,453 Thread 0x00007fe51815d600 Exception <a 'java/lang/NullPointerException'{0x00000000eae11308}> (0x00000000eae11308) 
thrown [src/hotspot/share/runtime/sharedRuntime.cpp, line 628]
Event: 10188,453 Thread 0x00007fe51815d600 Implicit null exception at 0x00007fe59bbbda3f to 0x00007fe59bbc27ca
Event: 10188,453 Thread 0x00007fe51815d600 Exception <a 'java/lang/NullPointerException'{0x00000000eae11888}> (0x00000000eae11888) 
thrown [src/hotspot/share/runtime/sharedRuntime.cpp, line 628]
Event: 10188,453 Thread 0x00007fe51815d600 Implicit null exception at 0x00007fe59bbbda3f to 0x00007fe59bbc27ca
Event: 10188,453 Thread 0x00007fe51815d600 Exception <a 'java/lang/NullPointerException'{0x00000000eae11e08}> (0x00000000eae11e08) 
thrown [src/hotspot/share/runtime/sharedRuntime.cpp, line 628]
Event: 10188,469 Thread 0x00007fe51815d600 Implicit null exception at 0x00007fe59bbbda3f to 0x00007fe59bbc27ca
Event: 10188,469 Thread 0x00007fe51815d600 Exception <a 'java/lang/NullPointerException'{0x00000000eaebbdf8}> (0x00000000eaebbdf8) 
thrown [src/hotspot/share/runtime/sharedRuntime.cpp, line 628]
Event: 10188,469 Thread 0x00007fe51815d600 Implicit null exception at 0x00007fe59bbbda3f to 0x00007fe59bbc27ca
Event: 10188,469 Thread 0x00007fe51815d600 Exception <a 'java/lang/NullPointerException'{0x00000000eaebc378}> (0x00000000eaebc378) 
thrown [src/hotspot/share/runtime/sharedRuntime.cpp, line 628]
Event: 10188,469 Thread 0x00007fe51815d600 Implicit null exception at 0x00007fe59bbbda3f to 0x00007fe59bbc27ca
Event: 10188,469 Thread 0x00007fe51815d600 Exception <a 'java/lang/NullPointerException'{0x00000000eaebcc08}> (0x00000000eaebcc08) 
thrown [src/hotspot/share/runtime/sharedRuntime.cpp, line 628]
Event: 10188,469 Thread 0x00007fe51815d600 Implicit null exception at 0x00007fe59bbbda3f to 0x00007fe59bbc27ca
Event: 10188,469 Thread 0x00007fe51815d600 Exception <a 'java/lang/NullPointerException'{0x00000000eaebd568}> (0x00000000eaebd568) 
thrown [src/hotspot/share/runtime/sharedRuntime.cpp, line 628]
Event: 10188,469 Thread 0x00007fe51815d600 Implicit null exception at 0x00007fe59bbbda3f to 0x00007fe59bbc27ca
Event: 10188,469 Thread 0x00007fe51815d600 Exception <a 'java/lang/NullPointerException'{0x00000000eaebdae8}> (0x00000000eaebdae8) 
thrown [src/hotspot/share/runtime/sharedRuntime.cpp, line 628]
Event: 10188,469 Thread 0x00007fe51815d600 Implicit null exception at 0x00007fe59bbbda3f to 0x00007fe59bbc27ca
Event: 10188,469 Thread 0x00007fe51815d600 Exception <a 'java/lang/NullPointerException'{0x00000000eaebe068}> (0x00000000eaebe068) 
thrown [src/hotspot/share/runtime/sharedRuntime.cpp, line 628]
Event: 10196,036 Thread 0x00007fe534861c40 Exception <a 'sun/nio/fs/UnixException'{0x00000000eb0053e0}> (0x00000000eb0053e0) 
thrown [src/hotspot/share/prims/jni.cpp, line 516]

VM Operations (20 events):
Event: 10188,354 Executing VM operation: ParallelGCFailedAllocation done
Event: 10188,357 Executing VM operation: ParallelGCFailedAllocation
Event: 10188,361 Executing VM operation: ParallelGCFailedAllocation done
Event: 10188,370 Executing VM operation: ParallelGCFailedAllocation
Event: 10188,377 Executing VM operation: ParallelGCFailedAllocation done
Event: 10188,419 Executing VM operation: ParallelGCFailedAllocation
Event: 10188,423 Executing VM operation: ParallelGCFailedAllocation done
Event: 10188,530 Executing VM operation: ParallelGCFailedAllocation
Event: 10188,533 Executing VM operation: ParallelGCFailedAllocation done
Event: 10188,767 Executing VM operation: ParallelGCFailedAllocation
Event: 10188,769 Executing VM operation: ParallelGCFailedAllocation done
Event: 10188,793 Executing VM operation: ParallelGCFailedAllocation
Event: 10188,795 Executing VM operation: ParallelGCFailedAllocation done
Event: 10196,038 Executing VM operation: ParallelGCFailedAllocation
Event: 10196,042 Executing VM operation: ParallelGCFailedAllocation done
Event: 10196,048 Executing VM operation: ParallelGCFailedAllocation
Event: 10196,133 Executing VM operation: ParallelGCFailedAllocation done
Event: 10196,140 Executing VM operation: ParallelGCFailedAllocation
Event: 10196,150 Executing VM operation: ParallelGCFailedAllocation done
Event: 10196,182 Executing VM operation: ParallelGCFailedAllocation

Events (20 events):
Event: 9469,707 Thread 0x00007fe5101b2340 Thread exited: 0x00007fe5101b2340
Event: 9529,707 Thread 0x00007fe5100e5c90 Thread exited: 0x00007fe5100e5c90
Event: 9589,707 Thread 0x00007fe4e80c6050 Thread exited: 0x00007fe4e80c6050
Event: 10143,033 Thread 0x00007fe4cc00a130 Thread added: 0x00007fe4cc00a130
Event: 10143,033 Protecting memory [0x00007fe520100000,0x00007fe520104000] with protection modes 0
Event: 10143,034 Thread 0x00007fe5181a01d0 Thread added: 0x00007fe5181a01d0
Event: 10143,034 Protecting memory [0x00007fe591600000,0x00007fe591604000] with protection modes 0
Event: 10143,034 Thread 0x00007fe5181d11c0 Thread added: 0x00007fe5181d11c0
Event: 10143,034 Protecting memory [0x00007fe5902af000,0x00007fe5902b3000] with protection modes 0
Event: 10143,035 Thread 0x00007fe518164670 Thread added: 0x00007fe518164670
Event: 10143,035 Protecting memory [0x00007fe500100000,0x00007fe500104000] with protection modes 0
Event: 10143,035 Thread 0x00007fe5181d18f0 Thread added: 0x00007fe5181d18f0
Event: 10143,035 Protecting memory [0x00007fe5905af000,0x00007fe5905b3000] with protection modes 0
Event: 10143,102 Thread 0x00007fe4e80c6050 Thread added: 0x00007fe4e80c6050
Event: 10143,102 Protecting memory [0x00007fe520700000,0x00007fe520704000] with protection modes 0
Event: 10188,164 Thread 0x00007fe51815d600 Thread added: 0x00007fe51815d600
Event: 10188,164 Protecting memory [0x00007fe5900ed000,0x00007fe5900f1000] with protection modes 0
Event: 10188,426 Thread 0x00007fe50c2ae290 Thread added: 0x00007fe50c2ae290
Event: 10188,426 Protecting memory [0x00007fe521200000,0x00007fe521204000] with protection modes 0
Event: 10188,432 Thread 0x00007fe50c2ae290 Thread exited: 0x00007fe50c2ae290


Dynamic libraries:
c0000000-cac00000 rw-p 00000000 00:00 0 
cac00000-eab00000 ---p 00000000 00:00 0 
eab00000-ec380000 rw-p 00000000 00:00 0 
ec380000-100000000 ---p 00000000 00:00 0 
100000000-100020000 rw-p 00000000 00:00 0 
100020000-100040000 rw-p 00000000 00:00 0 
100040000-1000c0000 rw-p 00000000 00:00 0 
1000c0000-1000e0000 rw-p 00000000 00:00 0 
1000e0000-100140000 rw-p 00000000 00:00 0 
100140000-100180000 rw-p 00000000 00:00 0 
100180000-100200000 rw-p 00000000 00:00 0 
100200000-100380000 rw-p 00000000 00:00 0 
100380000-1006e0000 rw-p 00000000 00:00 0 
1006e0000-100700000 rw-p 00000000 00:00 0 
100700000-100880000 rw-p 00000000 00:00 0 
100880000-1008c0000 rw-p 00000000 00:00 0 
1008c0000-100960000 rw-p 00000000 00:00 0 
100960000-100970000 rw-p 00000000 00:00 0 
100970000-100980000 ---p 00000000 00:00 0 
100980000-100aa0000 rw-p 00000000 00:00 0 
100aa0000-140000000 ---p 00000000 00:00 0 
55b8e31dc000-55b8e31dd000 r--p 00000000 08:10 65295                      /home/jakshas/.vscode-server/extensions/redhat.java-1.13.0-linux-x64/jre/17.0.5-linux-x86_64/bin/java
55b8e31dd000-55b8e31de000 r-xp 00001000 08:10 65295                      /home/jakshas/.vscode-server/extensions/redhat.java-1.13.0-linux-x64/jre/17.0.5-linux-x86_64/bin/java
55b8e31de000-55b8e31df000 r--p 00002000 08:10 65295                      /home/jakshas/.vscode-server/extensions/redhat.java-1.13.0-linux-x64/jre/17.0.5-linux-x86_64/bin/java
55b8e31df000-55b8e31e0000 r--p 00002000 08:10 65295                      /home/jakshas/.vscode-server/extensions/redhat.java-1.13.0-linux-x64/jre/17.0.5-linux-x86_64/bin/java
55b8e31e0000-55b8e31e1000 rw-p 00003000 08:10 65295                      /home/jakshas/.vscode-server/extensions/redhat.java-1.13.0-linux-x64/jre/17.0.5-linux-x86_64/bin/java
55b8e4ec9000-55b8e4f37000 rw-p 00000000 00:00 0                          [heap]
7fe4c7dee000-7fe4caa00000 r--s 00000000 08:10 77069                      /home/jakshas/.vscode-server/extensions/redhat.java-1.13.0-linux-x64/jre/17.0.5-linux-x86_64/lib/modules
7fe4caa00000-7fe4caa04000 ---p 00000000 00:00 0 
7fe4caa04000-7fe4cab00000 rw-p 00000000 00:00 0 
7fe4cab00000-7fe4cab04000 ---p 00000000 00:00 0 
7fe4cab04000-7fe4cac00000 rw-p 00000000 00:00 0 
7fe4cac00000-7fe4cac04000 ---p 00000000 00:00 0 
7fe4cac04000-7fe4cad00000 rw-p 00000000 00:00 0 
7fe4cad00000-7fe4cad04000 ---p 00000000 00:00 0 
7fe4cad04000-7fe4cae00000 rw-p 00000000 00:00 0 
7fe4cae00000-7fe4cae04000 ---p 00000000 00:00 0 
7fe4cae04000-7fe4caf00000 rw-p 00000000 00:00 0 
7fe4caf00000-7fe4caf04000 ---p 00000000 00:00 0 
7fe4caf04000-7fe4cb300000 rw-p 00000000 00:00 0 
7fe4cb300000-7fe4cb310000 rw-p 00000000 00:00 0 
7fe4cb310000-7fe4cb400000 ---p 00000000 00:00 0 
7fe4cb400000-7fe4cb420000 rw-p 00000000 00:00 0 
7fe4cb420000-7fe4cb800000 ---p 00000000 00:00 0 
7fe4cb800000-7fe4cbb80000 rw-p 00000000 00:00 0 
7fe4cbb80000-7fe4cbc00000 rw-p 00000000 00:00 0 
7fe4cbc00000-7fe4cbda0000 rw-p 00000000 00:00 0 
7fe4cbda0000-7fe4cbdb0000 ---p 00000000 00:00 0 
7fe4cbdb0000-7fe4cc000000 rw-p 00000000 00:00 0 
7fe4cc000000-7fe4cced3000 rw-p 00000000 00:00 0 
7fe4cced3000-7fe4d0000000 ---p 00000000 00:00 0 
7fe4d0000000-7fe4d023f000 rw-p 00000000 00:00 0 
7fe4d023f000-7fe4d4000000 ---p 00000000 00:00 0 
7fe4d4000000-7fe4d5ab4000 rw-p 00000000 00:00 0 
7fe4d5ab4000-7fe4d8000000 ---p 00000000 00:00 0 
7fe4d8000000-7fe4d9b80000 rw-p 00000000 00:00 0 
7fe4d9b80000-7fe4dc000000 ---p 00000000 00:00 0 
7fe4dc000000-7fe4dd781000 rw-p 00000000 00:00 0 
7fe4dd781000-7fe4e0000000 ---p 00000000 00:00 0 
7fe4e0000000-7fe4e223c000 rw-p 00000000 00:00 0 
7fe4e223c000-7fe4e4000000 ---p 00000000 00:00 0 
7fe4e4000000-7fe4e45eb000 rw-p 00000000 00:00 0 
7fe4e45eb000-7fe4e8000000 ---p 00000000 00:00 0 
7fe4e8000000-7fe4e9ae3000 rw-p 00000000 00:00 0 
7fe4e9ae3000-7fe4ec000000 ---p 00000000 00:00 0 
7fe4ec000000-7fe4ed5a9000 rw-p 00000000 00:00 0 
7fe4ed5a9000-7fe4f0000000 ---p 00000000 00:00 0 
7fe4f0000000-7fe4f0e1c000 rw-p 00000000 00:00 0 
7fe4f0e1c000-7fe4f4000000 ---p 00000000 00:00 0 
7fe4f4000000-7fe4f4222000 rw-p 00000000 00:00 0 
7fe4f4222000-7fe4f8000000 ---p 00000000 00:00 0 
7fe4f8000000-7fe4f8021000 rw-p 00000000 00:00 0 
7fe4f8021000-7fe4fc000000 ---p 00000000 00:00 0 
7fe4fc000000-7fe4fdc9c000 rw-p 00000000 00:00 0 
7fe4fdc9c000-7fe500000000 ---p 00000000 00:00 0 
7fe500000000-7fe500004000 ---p 00000000 00:00 0 
7fe500004000-7fe500100000 rw-p 00000000 00:00 0 
7fe500100000-7fe500104000 ---p 00000000 00:00 0 
7fe500104000-7fe500200000 rw-p 00000000 00:00 0 
7fe500200000-7fe500204000 ---p 00000000 00:00 0 
7fe500204000-7fe500300000 rw-p 00000000 00:00 0 
7fe500300000-7fe500304000 ---p 00000000 00:00 0 
7fe500304000-7fe500500000 rw-p 00000000 00:00 0 
7fe500500000-7fe500700000 rw-p 00000000 00:00 0 
7fe500700000-7fe500800000 rw-p 00000000 00:00 0 
7fe500800000-7fe500c00000 rw-p 00000000 00:00 0 
7fe500c0c000-7fe50381e000 r--s 00000000 08:10 77069                      /home/jakshas/.vscode-server/extensions/redhat.java-1.13.0-linux-x64/jre/17.0.5-linux-x86_64/lib/modules
7fe50381e000-7fe50c000000 r--s 00000000 08:10 50042                      /usr/lib/jvm/java-11-openjdk-amd64/lib/modules
7fe50c000000-7fe50d59c000 rw-p 00000000 00:00 0 
7fe50d59c000-7fe510000000 ---p 00000000 00:00 0 
7fe510000000-7fe51036b000 rw-p 00000000 00:00 0 
7fe51036b000-7fe514000000 ---p 00000000 00:00 0 
7fe514000000-7fe51426f000 rw-p 00000000 00:00 0 
7fe51426f000-7fe518000000 ---p 00000000 00:00 0 
7fe518000000-7fe518210000 rw-p 00000000 00:00 0 
7fe518210000-7fe51c000000 ---p 00000000 00:00 0 
7fe51c000000-7fe51c356000 rw-p 00000000 00:00 0 
7fe51c356000-7fe520004000 ---p 00000000 00:00 0 
7fe520004000-7fe520100000 rw-p 00000000 00:00 0 
7fe520100000-7fe520104000 ---p 00000000 00:00 0 
7fe520104000-7fe520200000 rw-p 00000000 00:00 0 
7fe520200000-7fe520204000 ---p 00000000 00:00 0 
7fe520204000-7fe520300000 rw-p 00000000 00:00 0 
7fe520300000-7fe520304000 ---p 00000000 00:00 0 
7fe520304000-7fe520400000 rw-p 00000000 00:00 0 
7fe520400000-7fe520404000 ---p 00000000 00:00 0 
7fe520404000-7fe520500000 rw-p 00000000 00:00 0 
7fe520500000-7fe520504000 ---p 00000000 00:00 0 
7fe520504000-7fe520600000 rw-p 00000000 00:00 0 
7fe520600000-7fe520604000 ---p 00000000 00:00 0 
7fe520604000-7fe520700000 rw-p 00000000 00:00 0 
7fe520700000-7fe520704000 ---p 00000000 00:00 0 
7fe520704000-7fe520900000 rw-p 00000000 00:00 0 
7fe520900000-7fe520a00000 rw-p 00000000 00:00 0 
7fe520a00000-7fe520dc0000 rw-p 00000000 00:00 0 
7fe520dc0000-7fe520ee0000 rw-p 00000000 00:00 0 
7fe520ee0000-7fe520f00000 rw-p 00000000 00:00 0 
7fe520f00000-7fe521000000 rw-p 00000000 00:00 0 
7fe521000000-7fe521004000 ---p 00000000 00:00 0 
7fe521004000-7fe521100000 rw-p 00000000 00:00 0 
7fe521100000-7fe521104000 ---p 00000000 00:00 0 
7fe521104000-7fe521200000 rw-p 00000000 00:00 0 
7fe521200000-7fe521204000 ---p 00000000 00:00 0 
7fe521204000-7fe521300000 rw-p 00000000 00:00 0 
7fe521300000-7fe521304000 ---p 00000000 00:00 0 
7fe521304000-7fe521c00000 rw-p 00000000 00:00 0 
7fe521c00000-7fe521f80000 rw-p 00000000 00:00 0 
7fe521f80000-7fe522000000 rw-p 00000000 00:00 0 
7fe522000000-7fe522300000 rw-p 00000000 00:00 0 
7fe522300000-7fe522400000 rw-p 00000000 00:00 0 
7fe522400000-7fe522c00000 rw-p 00000000 00:00 0 
7fe522c00000-7fe523300000 rw-p 00000000 00:00 0 
7fe523300000-7fe523400000 rw-p 00000000 00:00 0 
7fe523400000-7fe523780000 rw-p 00000000 00:00 0 
7fe523780000-7fe523900000 rw-p 00000000 00:00 0 
7fe523900000-7fe523c00000 rw-p 00000000 00:00 0 
7fe523c00000-7fe523c04000 ---p 00000000 00:00 0 
7fe523c04000-7fe523d00000 rw-p 00000000 00:00 0 
7fe523d00000-7fe523d04000 ---p 00000000 00:00 0 
7fe523d04000-7fe523e00000 rw-p 00000000 00:00 0 
7fe523e00000-7fe523e04000 ---p 00000000 00:00 0 
7fe523e04000-7fe523f00000 rw-p 00000000 00:00 0 
7fe523f00000-7fe523f04000 ---p 00000000 00:00 0 
7fe523f04000-7fe524000000 rw-p 00000000 00:00 0 
7fe524000000-7fe524093000 rw-p 00000000 00:00 0 
7fe524093000-7fe528000000 ---p 00000000 00:00 0 
7fe528000000-7fe528b08000 rw-p 00000000 00:00 0 
7fe528b08000-7fe52c000000 ---p 00000000 00:00 0 
7fe52c000000-7fe52e337000 rw-p 00000000 00:00 0 
7fe52e337000-7fe530000000 ---p 00000000 00:00 0 
7fe530000000-7fe530021000 rw-p 00000000 00:00 0 
7fe530021000-7fe534000000 ---p 00000000 00:00 0 
7fe534000000-7fe534982000 rw-p 00000000 00:00 0 
7fe534982000-7fe538000000 ---p 00000000 00:00 0 
7fe538000000-7fe538021000 rw-p 00000000 00:00 0 
7fe538021000-7fe53c000000 ---p 00000000 00:00 0 
7fe53c000000-7fe53c021000 rw-p 00000000 00:00 0 
7fe53c021000-7fe540000000 ---p 00000000 00:00 0 
7fe540000000-7fe540021000 rw-p 00000000 00:00 0 
7fe540021000-7fe544000000 ---p 00000000 00:00 0 
7fe544000000-7fe5440d6000 rw-p 00000000 00:00 0 
7fe5440d6000-7fe548000000 ---p 00000000 00:00 0 
7fe548000000-7fe548083000 rw-p 00000000 00:00 0 
7fe548083000-7fe54c000000 ---p 00000000 00:00 0 
7fe54c000000-7fe54c05c000 rw-p 00000000 00:00 0 
7fe54c05c000-7fe550000000 ---p 00000000 00:00 0 
7fe550000000-7fe550415000 rw-p 00000000 00:00 0 
7fe550415000-7fe554000000 ---p 00000000 00:00 0 
7fe554000000-7fe555743000 rw-p 00000000 00:00 0 
7fe555743000-7fe558000000 ---p 00000000 00:00 0 
7fe558000000-7fe55806e000 rw-p 00000000 00:00 0 
7fe55806e000-7fe55c000000 ---p 00000000 00:00 0 
7fe55c000000-7fe55c041000 rw-p 00000000 00:00 0 
7fe55c041000-7fe560000000 ---p 00000000 00:00 0 
7fe560000000-7fe561a12000 rw-p 00000000 00:00 0 
7fe561a12000-7fe564000000 ---p 00000000 00:00 0 
7fe564000000-7fe56405c000 rw-p 00000000 00:00 0 
7fe56405c000-7fe568000000 ---p 00000000 00:00 0 
7fe568000000-7fe568021000 rw-p 00000000 00:00 0 
7fe568021000-7fe56c000000 ---p 00000000 00:00 0 
7fe56c000000-7fe56d506000 rw-p 00000000 00:00 0 
7fe56d506000-7fe570000000 ---p 00000000 00:00 0 
7fe570000000-7fe5701f9000 rw-p 00000000 00:00 0 
7fe5701f9000-7fe574000000 ---p 00000000 00:00 0 
7fe574000000-7fe574c0d000 rw-p 00000000 00:00 0 
7fe574c0d000-7fe578000000 ---p 00000000 00:00 0 
7fe578000000-7fe57b9df000 rw-p 00000000 00:00 0 
7fe57b9df000-7fe57c000000 ---p 00000000 00:00 0 
7fe57c000000-7fe57c021000 rw-p 00000000 00:00 0 
7fe57c021000-7fe580000000 ---p 00000000 00:00 0 
7fe580000000-7fe58015e000 rw-p 00000000 00:00 0 
7fe58015e000-7fe584000000 ---p 00000000 00:00 0 
7fe584000000-7fe584021000 rw-p 00000000 00:00 0 
7fe584021000-7fe588000000 ---p 00000000 00:00 0 
7fe588000000-7fe588021000 rw-p 00000000 00:00 0 
7fe588021000-7fe58c000000 ---p 00000000 00:00 0 
7fe58c000000-7fe58c129000 rw-p 00000000 00:00 0 
7fe58c129000-7fe590000000 ---p 00000000 00:00 0 
7fe5900ed000-7fe5900f1000 ---p 00000000 00:00 0 
7fe5900f1000-7fe5901ed000 rw-p 00000000 00:00 0 
7fe5902af000-7fe5902b3000 ---p 00000000 00:00 0 
7fe5902b3000-7fe5903af000 rw-p 00000000 00:00 0 
7fe5903af000-7fe5903b3000 ---p 00000000 00:00 0 
7fe5903b3000-7fe5904af000 rw-p 00000000 00:00 0 
7fe5904af000-7fe5904b3000 ---p 00000000 00:00 0 
7fe5904b3000-7fe5905af000 rw-p 00000000 00:00 0 
7fe5905af000-7fe5905b3000 ---p 00000000 00:00 0 
7fe5905b3000-7fe5906af000 rw-p 00000000 00:00 0 
7fe5906af000-7fe5906b3000 ---p 00000000 00:00 0 
7fe5906b3000-7fe5907af000 rw-p 00000000 00:00 0 
7fe590800000-7fe590804000 ---p 00000000 00:00 0 
7fe590804000-7fe590900000 rw-p 00000000 00:00 0 
7fe590900000-7fe590904000 ---p 00000000 00:00 0 
7fe590904000-7fe590a00000 rw-p 00000000 00:00 0 
7fe590a00000-7fe590a04000 ---p 00000000 00:00 0 
7fe590a04000-7fe590b00000 rw-p 00000000 00:00 0 
7fe590b00000-7fe590b04000 ---p 00000000 00:00 0 
7fe590b04000-7fe590d00000 rw-p 00000000 00:00 0 
7fe590d00000-7fe590e00000 rw-p 00000000 00:00 0 
7fe590e00000-7fe591180000 rw-p 00000000 00:00 0 
7fe591180000-7fe591200000 rw-p 00000000 00:00 0 
7fe591200000-7fe591400000 rw-p 00000000 00:00 0 
7fe591400000-7fe591404000 ---p 00000000 00:00 0 
7fe591404000-7fe591500000 rw-p 00000000 00:00 0 
7fe591500000-7fe591504000 ---p 00000000 00:00 0 
7fe591504000-7fe591600000 rw-p 00000000 00:00 0 
7fe591600000-7fe591604000 ---p 00000000 00:00 0 
7fe591604000-7fe591700000 rw-p 00000000 00:00 0 
7fe591700000-7fe591704000 ---p 00000000 00:00 0 
7fe591704000-7fe591800000 rw-p 00000000 00:00 0 
7fe591800000-7fe591810000 r-xp 00000000 08:10 63948                      /home/jakshas/.vscode-server/data/User/globalStorage/redhat.java/1.13.0/config_linux/org.eclipse.equinox.launcher/org.eclipse.equinox.launcher.gtk.linux.x86_64_1.2.600.v20220720-1916/eclipse_11701.so
7fe591810000-7fe591a0f000 ---p 00010000 08:10 63948                      /home/jakshas/.vscode-server/data/User/globalStorage/redhat.java/1.13.0/config_linux/org.eclipse.equinox.launcher/org.eclipse.equinox.launcher.gtk.linux.x86_64_1.2.600.v20220720-1916/eclipse_11701.so
7fe591a0f000-7fe591a10000 r--p 0000f000 08:10 63948                      /home/jakshas/.vscode-server/data/User/globalStorage/redhat.java/1.13.0/config_linux/org.eclipse.equinox.launcher/org.eclipse.equinox.launcher.gtk.linux.x86_64_1.2.600.v20220720-1916/eclipse_11701.so
7fe591a10000-7fe591a11000 rw-p 00010000 08:10 63948                      /home/jakshas/.vscode-server/data/User/globalStorage/redhat.java/1.13.0/config_linux/org.eclipse.equinox.launcher/org.eclipse.equinox.launcher.gtk.linux.x86_64_1.2.600.v20220720-1916/eclipse_11701.so
7fe591a11000-7fe591a12000 rw-p 00000000 00:00 0 
7fe591afc000-7fe591b00000 ---p 00000000 00:00 0 
7fe591b00000-7fe591bfc000 rw-p 00000000 00:00 0 
7fe591bfc000-7fe591c00000 ---p 00000000 00:00 0 
7fe591c00000-7fe591cfc000 rw-p 00000000 00:00 0 
7fe591cfc000-7fe591d00000 ---p 00000000 00:00 0 
7fe591d00000-7fe591dfc000 rw-p 00000000 00:00 0 
7fe591dfc000-7fe591dfd000 ---p 00000000 00:00 0 
7fe591dfd000-7fe591efe000 rw-p 00000000 00:00 0 
7fe591efe000-7fe591eff000 ---p 00000000 00:00 0 
7fe591eff000-7fe5920c0000 rw-p 00000000 00:00 0 
7fe5920c0000-7fe592100000 rw-p 00000000 00:00 0 
7fe592100000-7fe592300000 rw-p 00000000 00:00 0 
7fe592300000-7fe592400000 rw-p 00000000 00:00 0 
7fe592400000-7fe592600000 rw-p 00000000 00:00 0 
7fe592600000-7fe592780000 rw-p 00000000 00:00 0 
7fe592780000-7fe592800000 rw-p 00000000 00:00 0 
7fe592892000-7fe592893000 ---p 00000000 00:00 0 
7fe592893000-7fe592994000 rw-p 00000000 00:00 0 
7fe592994000-7fe592995000 ---p 00000000 00:00 0 
7fe592995000-7fe592a96000 rw-p 00000000 00:00 0 
7fe592a96000-7fe592a97000 ---p 00000000 00:00 0 
7fe592a97000-7fe592b98000 rw-p 00000000 00:00 0 
7fe592b98000-7fe592b9c000 ---p 00000000 00:00 0 
7fe592b9c000-7fe592c98000 rw-p 00000000 00:00 0 
7fe592c98000-7fe592c99000 ---p 00000000 00:00 0 
7fe592c99000-7fe592d9a000 rw-p 00000000 00:00 0 
7fe592d9a000-7fe592d9e000 ---p 00000000 00:00 0 
7fe592d9e000-7fe592e9a000 rw-p 00000000 00:00 0 
7fe592e9a000-7fe592e9e000 ---p 00000000 00:00 0 
7fe592e9e000-7fe592f9a000 rw-p 00000000 00:00 0 
7fe592f9a000-7fe592f9e000 ---p 00000000 00:00 0 
7fe592f9e000-7fe59309a000 rw-p 00000000 00:00 0 
7fe59309a000-7fe59309e000 ---p 00000000 00:00 0 
7fe59309e000-7fe59319a000 rw-p 00000000 00:00 0 
7fe59319a000-7fe59319e000 ---p 00000000 00:00 0 
7fe59319e000-7fe59329a000 rw-p 00000000 00:00 0 
7fe59329a000-7fe59329e000 ---p 00000000 00:00 0 
7fe59329e000-7fe59339a000 rw-p 00000000 00:00 0 
7fe59339a000-7fe59339e000 ---p 00000000 00:00 0 
7fe59339e000-7fe59349a000 rw-p 00000000 00:00 0 
7fe59349a000-7fe59349e000 ---p 00000000 00:00 0 
7fe59349e000-7fe59359a000 rw-p 00000000 00:00 0 
7fe59359a000-7fe593afc000 r--p 00000000 08:10 39219                      /usr/lib/locale/locale-archive
7fe593afc000-7fe593b00000 ---p 00000000 00:00 0 
7fe593b00000-7fe593bfc000 rw-p 00000000 00:00 0 
7fe593bfc000-7fe593c00000 ---p 00000000 00:00 0 
7fe593c00000-7fe593cfc000 rw-p 00000000 00:00 0 
7fe593cfc000-7fe593cfd000 ---p 00000000 00:00 0 
7fe593cfd000-7fe594000000 rw-p 00000000 00:00 0 
7fe594000000-7fe59404d000 rw-p 00000000 00:00 0 
7fe59404d000-7fe598000000 ---p 00000000 00:00 0 
7fe5980eb000-7fe59a3ee000 rw-p 00000000 00:00 0 
7fe59a3ee000-7fe59a65e000 rwxp 00000000 00:00 0 
7fe59a65e000-7fe59a97f000 ---p 00000000 00:00 0 
7fe59a97f000-7fe59d67f000 rwxp 00000000 00:00 0 
7fe59d67f000-7fe5a1eb6000 ---p 00000000 00:00 0 
7fe5a1eb6000-7fe5a3b16000 rwxp 00000000 00:00 0 
7fe5a3b16000-7fe5a93ee000 ---p 00000000 00:00 0 
7fe5a93ee000-7fe5ac000000 r--s 00000000 08:10 77069                      /home/jakshas/.vscode-server/extensions/redhat.java-1.13.0-linux-x64/jre/17.0.5-linux-x86_64/lib/modules
7fe5ac000000-7fe5ac8d7000 rw-p 00000000 00:00 0 
7fe5ac8d7000-7fe5b0000000 ---p 00000000 00:00 0 
7fe5b00f1000-7fe5b1400000 rw-p 00000000 00:00 0 
7fe5b1400000-7fe5b1480000 rw-p 00000000 00:00 0 
7fe5b1480000-7fe5b1500000 rw-p 00000000 00:00 0 
7fe5b1500000-7fe5b1800000 rw-p 00000000 00:00 0 
7fe5b182a000-7fe5b182e000 ---p 00000000 00:00 0 
7fe5b182e000-7fe5b184c000 rw-p 00000000 00:00 0 
7fe5b184c000-7fe5b1853000 r--s 00000000 08:10 12237                      /usr/lib/x86_64-linux-gnu/gconv/gconv-modules.cache
7fe5b1853000-7fe5b1877000 r--p 00000000 08:10 43525                      /usr/share/locale-langpack/pl/LC_MESSAGES/libc.mo
7fe5b1877000-7fe5b187b000 r--p 00000000 08:10 77067                      /home/jakshas/.vscode-server/extensions/redhat.java-1.13.0-linux-x64/jre/17.0.5-linux-x86_64/lib/libverify.so
7fe5b187b000-7fe5b1882000 r-xp 00004000 08:10 77067                      /home/jakshas/.vscode-server/extensions/redhat.java-1.13.0-linux-x64/jre/17.0.5-linux-x86_64/lib/libverify.so
7fe5b1882000-7fe5b1884000 r--p 0000b000 08:10 77067                      /home/jakshas/.vscode-server/extensions/redhat.java-1.13.0-linux-x64/jre/17.0.5-linux-x86_64/lib/libverify.so
7fe5b1884000-7fe5b1886000 r--p 0000c000 08:10 77067                      /home/jakshas/.vscode-server/extensions/redhat.java-1.13.0-linux-x64/jre/17.0.5-linux-x86_64/lib/libverify.so
7fe5b1886000-7fe5b1887000 rw-p 0000e000 08:10 77067                      /home/jakshas/.vscode-server/extensions/redhat.java-1.13.0-linux-x64/jre/17.0.5-linux-x86_64/lib/libverify.so
7fe5b1887000-7fe5b188b000 r--p 00000000 08:10 77060                      /home/jakshas/.vscode-server/extensions/redhat.java-1.13.0-linux-x64/jre/17.0.5-linux-x86_64/lib/libnet.so
7fe5b188b000-7fe5b1899000 r-xp 00004000 08:10 77060                      /home/jakshas/.vscode-server/extensions/redhat.java-1.13.0-linux-x64/jre/17.0.5-linux-x86_64/lib/libnet.so
7fe5b1899000-7fe5b189d000 r--p 00012000 08:10 77060                      /home/jakshas/.vscode-server/extensions/redhat.java-1.13.0-linux-x64/jre/17.0.5-linux-x86_64/lib/libnet.so
7fe5b189d000-7fe5b189e000 r--p 00015000 08:10 77060                      /home/jakshas/.vscode-server/extensions/redhat.java-1.13.0-linux-x64/jre/17.0.5-linux-x86_64/lib/libnet.so
7fe5b189e000-7fe5b189f000 rw-p 00016000 08:10 77060                      /home/jakshas/.vscode-server/extensions/redhat.java-1.13.0-linux-x64/jre/17.0.5-linux-x86_64/lib/libnet.so
7fe5b189f000-7fe5b18a6000 r--p 00000000 08:10 77061                      /home/jakshas/.vscode-server/extensions/redhat.java-1.13.0-linux-x64/jre/17.0.5-linux-x86_64/lib/libnio.so
7fe5b18a6000-7fe5b18af000 r-xp 00007000 08:10 77061                      /home/jakshas/.vscode-server/extensions/redhat.java-1.13.0-linux-x64/jre/17.0.5-linux-x86_64/lib/libnio.so
7fe5b18af000-7fe5b18b3000 r--p 00010000 08:10 77061                      /home/jakshas/.vscode-server/extensions/redhat.java-1.13.0-linux-x64/jre/17.0.5-linux-x86_64/lib/libnio.so
7fe5b18b3000-7fe5b18b4000 ---p 00014000 08:10 77061                      /home/jakshas/.vscode-server/extensions/redhat.java-1.13.0-linux-x64/jre/17.0.5-linux-x86_64/lib/libnio.so
7fe5b18b4000-7fe5b18b5000 r--p 00014000 08:10 77061                      /home/jakshas/.vscode-server/extensions/redhat.java-1.13.0-linux-x64/jre/17.0.5-linux-x86_64/lib/libnio.so
7fe5b18b5000-7fe5b18b6000 rw-p 00015000 08:10 77061                      /home/jakshas/.vscode-server/extensions/redhat.java-1.13.0-linux-x64/jre/17.0.5-linux-x86_64/lib/libnio.so
7fe5b18b6000-7fe5b19b7000 rw-p 00000000 00:00 0 
7fe5b19b7000-7fe5b19b9000 r--p 00000000 08:10 77068                      /home/jakshas/.vscode-server/extensions/redhat.java-1.13.0-linux-x64/jre/17.0.5-linux-x86_64/lib/libzip.so
7fe5b19b9000-7fe5b19bd000 r-xp 00002000 08:10 77068                      /home/jakshas/.vscode-server/extensions/redhat.java-1.13.0-linux-x64/jre/17.0.5-linux-x86_64/lib/libzip.so
7fe5b19bd000-7fe5b19bf000 r--p 00006000 08:10 77068                      /home/jakshas/.vscode-server/extensions/redhat.java-1.13.0-linux-x64/jre/17.0.5-linux-x86_64/lib/libzip.so
7fe5b19bf000-7fe5b19c0000 r--p 00007000 08:10 77068                      /home/jakshas/.vscode-server/extensions/redhat.java-1.13.0-linux-x64/jre/17.0.5-linux-x86_64/lib/libzip.so
7fe5b19c0000-7fe5b19c1000 rw-p 00008000 08:10 77068                      /home/jakshas/.vscode-server/extensions/redhat.java-1.13.0-linux-x64/jre/17.0.5-linux-x86_64/lib/libzip.so
7fe5b19c1000-7fe5b1d48000 rw-p 00000000 00:00 0 
7fe5b1d48000-7fe5b1e48000 ---p 00000000 00:00 0 
7fe5b1e48000-7fe5b1e49000 ---p 00000000 00:00 0 
7fe5b1e49000-7fe5b1fa0000 rw-p 00000000 00:00 0 
7fe5b1fa0000-7fe5b209f000 ---p 00000000 00:00 0 
7fe5b209f000-7fe5b20ac000 rw-p 00000000 00:00 0 
7fe5b20ac000-7fe5b214a000 ---p 00000000 00:00 0 
7fe5b214a000-7fe5b2184000 rw-p 00000000 00:00 0 
7fe5b2184000-7fe5b2236000 ---p 00000000 00:00 0 
7fe5b2236000-7fe5b2290000 rw-p 00000000 00:00 0 
7fe5b2290000-7fe5b2321000 ---p 00000000 00:00 0 
7fe5b2321000-7fe5b2326000 rw-p 00000000 00:00 0 
7fe5b2326000-7fe5b232d000 ---p 00000000 00:00 0 
7fe5b232d000-7fe5b2335000 rw-s 00000000 08:10 77402                      /tmp/hsperfdata_jakshas/12600
7fe5b2335000-7fe5b2342000 r--p 00000000 08:10 77047                      /home/jakshas/.vscode-server/extensions/redhat.java-1.13.0-linux-x64/jre/17.0.5-linux-x86_64/lib/libjava.so
7fe5b2342000-7fe5b2354000 r-xp 0000d000 08:10 77047                      /home/jakshas/.vscode-server/extensions/redhat.java-1.13.0-linux-x64/jre/17.0.5-linux-x86_64/lib/libjava.so
7fe5b2354000-7fe5b235a000 r--p 0001f000 08:10 77047                      /home/jakshas/.vscode-server/extensions/redhat.java-1.13.0-linux-x64/jre/17.0.5-linux-x86_64/lib/libjava.so
7fe5b235a000-7fe5b235b000 ---p 00025000 08:10 77047                      /home/jakshas/.vscode-server/extensions/redhat.java-1.13.0-linux-x64/jre/17.0.5-linux-x86_64/lib/libjava.so
7fe5b235b000-7fe5b235c000 r--p 00025000 08:10 77047                      /home/jakshas/.vscode-server/extensions/redhat.java-1.13.0-linux-x64/jre/17.0.5-linux-x86_64/lib/libjava.so
7fe5b235c000-7fe5b235d000 rw-p 00026000 08:10 77047                      /home/jakshas/.vscode-server/extensions/redhat.java-1.13.0-linux-x64/jre/17.0.5-linux-x86_64/lib/libjava.so
7fe5b235d000-7fe5b235e000 rw-p 00000000 00:00 0 
7fe5b235e000-7fe5b2360000 r--p 00000000 08:10 77042                      /home/jakshas/.vscode-server/extensions/redhat.java-1.13.0-linux-x64/jre/17.0.5-linux-x86_64/lib/libinstrument.so
7fe5b2360000-7fe5b2366000 r-xp 00002000 08:10 77042                      /home/jakshas/.vscode-server/extensions/redhat.java-1.13.0-linux-x64/jre/17.0.5-linux-x86_64/lib/libinstrument.so
7fe5b2366000-7fe5b2369000 r--p 00008000 08:10 77042                      /home/jakshas/.vscode-server/extensions/redhat.java-1.13.0-linux-x64/jre/17.0.5-linux-x86_64/lib/libinstrument.so
7fe5b2369000-7fe5b236a000 r--p 0000a000 08:10 77042                      /home/jakshas/.vscode-server/extensions/redhat.java-1.13.0-linux-x64/jre/17.0.5-linux-x86_64/lib/libinstrument.so
7fe5b236a000-7fe5b236b000 rw-p 0000b000 08:10 77042                      /home/jakshas/.vscode-server/extensions/redhat.java-1.13.0-linux-x64/jre/17.0.5-linux-x86_64/lib/libinstrument.so
7fe5b236b000-7fe5b236f000 r--p 00000000 08:10 77051                      /home/jakshas/.vscode-server/extensions/redhat.java-1.13.0-linux-x64/jre/17.0.5-linux-x86_64/lib/libjimage.so
7fe5b236f000-7fe5b2382000 r-xp 00004000 08:10 77051                      /home/jakshas/.vscode-server/extensions/redhat.java-1.13.0-linux-x64/jre/17.0.5-linux-x86_64/lib/libjimage.so
7fe5b2382000-7fe5b2388000 r--p 00017000 08:10 77051                      /home/jakshas/.vscode-server/extensions/redhat.java-1.13.0-linux-x64/jre/17.0.5-linux-x86_64/lib/libjimage.so
7fe5b2388000-7fe5b238a000 r--p 0001c000 08:10 77051                      /home/jakshas/.vscode-server/extensions/redhat.java-1.13.0-linux-x64/jre/17.0.5-linux-x86_64/lib/libjimage.so
7fe5b238a000-7fe5b238b000 rw-p 0001e000 08:10 77051                      /home/jakshas/.vscode-server/extensions/redhat.java-1.13.0-linux-x64/jre/17.0.5-linux-x86_64/lib/libjimage.so
7fe5b238b000-7fe5b238f000 ---p 00000000 00:00 0 
7fe5b238f000-7fe5b248b000 rw-p 00000000 00:00 0 
7fe5b248b000-7fe5b2499000 r--p 00000000 08:10 12706                      /usr/lib/x86_64-linux-gnu/libm.so.6
7fe5b2499000-7fe5b2515000 r-xp 0000e000 08:10 12706                      /usr/lib/x86_64-linux-gnu/libm.so.6
7fe5b2515000-7fe5b2570000 r--p 0008a000 08:10 12706                      /usr/lib/x86_64-linux-gnu/libm.so.6
7fe5b2570000-7fe5b2571000 r--p 000e4000 08:10 12706                      /usr/lib/x86_64-linux-gnu/libm.so.6
7fe5b2571000-7fe5b2572000 rw-p 000e5000 08:10 12706                      /usr/lib/x86_64-linux-gnu/libm.so.6
7fe5b2572000-7fe5b2573000 r--p 00000000 08:10 12842                      /usr/lib/x86_64-linux-gnu/librt.so.1
7fe5b2573000-7fe5b2574000 r-xp 00001000 08:10 12842                      /usr/lib/x86_64-linux-gnu/librt.so.1
7fe5b2574000-7fe5b2575000 r--p 00002000 08:10 12842                      /usr/lib/x86_64-linux-gnu/librt.so.1
7fe5b2575000-7fe5b2576000 r--p 00002000 08:10 12842                      /usr/lib/x86_64-linux-gnu/librt.so.1
7fe5b2576000-7fe5b2577000 rw-p 00003000 08:10 12842                      /usr/lib/x86_64-linux-gnu/librt.so.1
7fe5b2577000-7fe5b27c9000 r--p 00000000 08:10 77081                      /home/jakshas/.vscode-server/extensions/redhat.java-1.13.0-linux-x64/jre/17.0.5-linux-x86_64/lib/server/libjvm.so
7fe5b27c9000-7fe5b34e2000 r-xp 00252000 08:10 77081                      /home/jakshas/.vscode-server/extensions/redhat.java-1.13.0-linux-x64/jre/17.0.5-linux-x86_64/lib/server/libjvm.so
7fe5b34e2000-7fe5b376d000 r--p 00f6b000 08:10 77081                      /home/jakshas/.vscode-server/extensions/redhat.java-1.13.0-linux-x64/jre/17.0.5-linux-x86_64/lib/server/libjvm.so
7fe5b376d000-7fe5b376e000 ---p 011f6000 08:10 77081                      /home/jakshas/.vscode-server/extensions/redhat.java-1.13.0-linux-x64/jre/17.0.5-linux-x86_64/lib/server/libjvm.so
7fe5b376e000-7fe5b3827000 r--p 011f6000 08:10 77081                      /home/jakshas/.vscode-server/extensions/redhat.java-1.13.0-linux-x64/jre/17.0.5-linux-x86_64/lib/server/libjvm.so
7fe5b3827000-7fe5b385c000 rw-p 012af000 08:10 77081                      /home/jakshas/.vscode-server/extensions/redhat.java-1.13.0-linux-x64/jre/17.0.5-linux-x86_64/lib/server/libjvm.so
7fe5b385c000-7fe5b38ba000 rw-p 00000000 00:00 0 
7fe5b38ba000-7fe5b38e2000 r--p 00000000 08:10 12490                      /usr/lib/x86_64-linux-gnu/libc.so.6
7fe5b38e2000-7fe5b3a77000 r-xp 00028000 08:10 12490                      /usr/lib/x86_64-linux-gnu/libc.so.6
7fe5b3a77000-7fe5b3acf000 r--p 001bd000 08:10 12490                      /usr/lib/x86_64-linux-gnu/libc.so.6
7fe5b3acf000-7fe5b3ad3000 r--p 00214000 08:10 12490                      /usr/lib/x86_64-linux-gnu/libc.so.6
7fe5b3ad3000-7fe5b3ad5000 rw-p 00218000 08:10 12490                      /usr/lib/x86_64-linux-gnu/libc.so.6
7fe5b3ad5000-7fe5b3ae2000 rw-p 00000000 00:00 0 
7fe5b3ae2000-7fe5b3ae3000 r--p 00000000 08:10 12527                      /usr/lib/x86_64-linux-gnu/libdl.so.2
7fe5b3ae3000-7fe5b3ae4000 r-xp 00001000 08:10 12527                      /usr/lib/x86_64-linux-gnu/libdl.so.2
7fe5b3ae4000-7fe5b3ae5000 r--p 00002000 08:10 12527                      /usr/lib/x86_64-linux-gnu/libdl.so.2
7fe5b3ae5000-7fe5b3ae6000 r--p 00002000 08:10 12527                      /usr/lib/x86_64-linux-gnu/libdl.so.2
7fe5b3ae6000-7fe5b3ae7000 rw-p 00003000 08:10 12527                      /usr/lib/x86_64-linux-gnu/libdl.so.2
7fe5b3ae7000-7fe5b3ae8000 r--p 00000000 08:10 12834                      /usr/lib/x86_64-linux-gnu/libpthread.so.0
7fe5b3ae8000-7fe5b3ae9000 r-xp 00001000 08:10 12834                      /usr/lib/x86_64-linux-gnu/libpthread.so.0
7fe5b3ae9000-7fe5b3aea000 r--p 00002000 08:10 12834                      /usr/lib/x86_64-linux-gnu/libpthread.so.0
7fe5b3aea000-7fe5b3aeb000 r--p 00002000 08:10 12834                      /usr/lib/x86_64-linux-gnu/libpthread.so.0
7fe5b3aeb000-7fe5b3aec000 rw-p 00003000 08:10 12834                      /usr/lib/x86_64-linux-gnu/libpthread.so.0
7fe5b3aec000-7fe5b3aef000 r--p 00000000 08:10 77052                      /home/jakshas/.vscode-server/extensions/redhat.java-1.13.0-linux-x64/jre/17.0.5-linux-x86_64/lib/libjli.so
7fe5b3aef000-7fe5b3af9000 r-xp 00003000 08:10 77052                      /home/jakshas/.vscode-server/extensions/redhat.java-1.13.0-linux-x64/jre/17.0.5-linux-x86_64/lib/libjli.so
7fe5b3af9000-7fe5b3afc000 r--p 0000d000 08:10 77052                      /home/jakshas/.vscode-server/extensions/redhat.java-1.13.0-linux-x64/jre/17.0.5-linux-x86_64/lib/libjli.so
7fe5b3afc000-7fe5b3afd000 ---p 00010000 08:10 77052                      /home/jakshas/.vscode-server/extensions/redhat.java-1.13.0-linux-x64/jre/17.0.5-linux-x86_64/lib/libjli.so
7fe5b3afd000-7fe5b3afe000 r--p 00010000 08:10 77052                      /home/jakshas/.vscode-server/extensions/redhat.java-1.13.0-linux-x64/jre/17.0.5-linux-x86_64/lib/libjli.so
7fe5b3afe000-7fe5b3aff000 rw-p 00011000 08:10 77052                      /home/jakshas/.vscode-server/extensions/redhat.java-1.13.0-linux-x64/jre/17.0.5-linux-x86_64/lib/libjli.so
7fe5b3aff000-7fe5b3b01000 r--p 00000000 08:10 12971                      /usr/lib/x86_64-linux-gnu/libz.so.1.2.11
7fe5b3b01000-7fe5b3b12000 r-xp 00002000 08:10 12971                      /usr/lib/x86_64-linux-gnu/libz.so.1.2.11
7fe5b3b12000-7fe5b3b18000 r--p 00013000 08:10 12971                      /usr/lib/x86_64-linux-gnu/libz.so.1.2.11
7fe5b3b18000-7fe5b3b19000 ---p 00019000 08:10 12971                      /usr/lib/x86_64-linux-gnu/libz.so.1.2.11
7fe5b3b19000-7fe5b3b1a000 r--p 00019000 08:10 12971                      /usr/lib/x86_64-linux-gnu/libz.so.1.2.11
7fe5b3b1a000-7fe5b3b1b000 rw-p 0001a000 08:10 12971                      /usr/lib/x86_64-linux-gnu/libz.so.1.2.11
7fe5b3b1c000-7fe5b3b1d000 r--p 00000000 08:10 77040                      /home/jakshas/.vscode-server/extensions/redhat.java-1.13.0-linux-x64/jre/17.0.5-linux-x86_64/lib/libextnet.so
7fe5b3b1d000-7fe5b3b1e000 r-xp 00001000 08:10 77040                      /home/jakshas/.vscode-server/extensions/redhat.java-1.13.0-linux-x64/jre/17.0.5-linux-x86_64/lib/libextnet.so
7fe5b3b1e000-7fe5b3b1f000 r--p 00002000 08:10 77040                      /home/jakshas/.vscode-server/extensions/redhat.java-1.13.0-linux-x64/jre/17.0.5-linux-x86_64/lib/libextnet.so
7fe5b3b1f000-7fe5b3b20000 r--p 00002000 08:10 77040                      /home/jakshas/.vscode-server/extensions/redhat.java-1.13.0-linux-x64/jre/17.0.5-linux-x86_64/lib/libextnet.so
7fe5b3b20000-7fe5b3b21000 rw-p 00003000 08:10 77040                      /home/jakshas/.vscode-server/extensions/redhat.java-1.13.0-linux-x64/jre/17.0.5-linux-x86_64/lib/libextnet.so
7fe5b3b21000-7fe5b3b22000 ---p 00000000 00:00 0 
7fe5b3b22000-7fe5b3b23000 r--p 00000000 00:00 0 
7fe5b3b23000-7fe5b3b25000 rw-p 00000000 00:00 0 
7fe5b3b25000-7fe5b3b27000 r--p 00000000 08:10 12270                      /usr/lib/x86_64-linux-gnu/ld-linux-x86-64.so.2
7fe5b3b27000-7fe5b3b51000 r-xp 00002000 08:10 12270                      /usr/lib/x86_64-linux-gnu/ld-linux-x86-64.so.2
7fe5b3b51000-7fe5b3b5c000 r--p 0002c000 08:10 12270                      /usr/lib/x86_64-linux-gnu/ld-linux-x86-64.so.2
7fe5b3b5c000-7fe5b3b5d000 ---p 00000000 00:00 0 
7fe5b3b5d000-7fe5b3b5f000 r--p 00037000 08:10 12270                      /usr/lib/x86_64-linux-gnu/ld-linux-x86-64.so.2
7fe5b3b5f000-7fe5b3b61000 rw-p 00039000 08:10 12270                      /usr/lib/x86_64-linux-gnu/ld-linux-x86-64.so.2
7ffee3055000-7ffee3077000 rw-p 00000000 00:00 0                          [stack]
7ffee313f000-7ffee3143000 r--p 00000000 00:00 0                          [vvar]
7ffee3143000-7ffee3144000 r-xp 00000000 00:00 0                          [vdso]


VM Arguments:
jvm_args: --add-modules=ALL-SYSTEM --add-opens=java.base/java.util=ALL-UNNAMED --add-opens=java.base/java.lang=ALL-UNNAMED --add-opens=java.base/sun.nio.fs=ALL-UNNAMED -Declipse.application=org.eclipse.jdt.ls.core.id1 -Dosgi.bundles.defaultStartLevel=4 -Declipse.product=org.eclipse.jdt.ls.core.product -Djava.import.generatesMetadataFilesAtProjectRoot=false -Dfile.encoding=utf8 -XX:+UseParallelGC -XX:GCTimeRatio=4 -XX:AdaptiveSizePolicyWeight=90 -Dsun.zip.disableMemoryMapping=true -Xmx1G -Xms100m -Xlog:disable -javaagent:/home/jakshas/.vscode-server/extensions/redhat.java-1.13.0-linux-x64/lombok/lombok-1.18.24.jar -XX:+HeapDumpOnOutOfMemoryError -XX:HeapDumpPath=/home/jakshas/.vscode-server/data/User/workspaceStorage/a7fab15a8e43135a31176fa2f06bde18/redhat.java 
java_command: /home/jakshas/.vscode-server/extensions/redhat.java-1.13.0-linux-x64/server/plugins/org.eclipse.equinox.launcher_1.6.400.v20210924-0641.jar -configuration /home/jakshas/.vscode-server/data/User/globalStorage/redhat.java/1.13.0/config_linux -data /home/jakshas/.vscode-server/data/User/workspaceStorage/a7fab15a8e43135a31176fa2f06bde18/redhat.java/jdt_ws
java_class_path (initial): /home/jakshas/.vscode-server/extensions/redhat.java-1.13.0-linux-x64/server/plugins/org.eclipse.equinox.launcher_1.6.400.v20210924-0641.jar
Launcher Type: SUN_STANDARD

[Global flags]
    uintx AdaptiveSizePolicyWeight                 = 90                                        {product} {command line}
     intx CICompilerCount                          = 3                                         {product} {ergonomic}
    uintx GCTimeRatio                              = 4                                         {product} {command line}
     bool HeapDumpOnOutOfMemoryError               = true                                   {manageable} {command line}
    ccstr HeapDumpPath                             = /home/jakshas/.vscode-server/data/User/workspaceStorage/a7fab15a8e43135a31176fa2f06bde18/redhat.java         {manageable} {command line}
   size_t InitialHeapSize                          = 104857600                                 {product} {command line}
   size_t MaxHeapSize                              = 1073741824                                {product} {command line}
   size_t MaxNewSize                               = 357564416                                 {product} {ergonomic}
   size_t MinHeapDeltaBytes                        = 524288                                    {product} {ergonomic}
   size_t MinHeapSize                              = 104857600                                 {product} {command line}
   size_t NewSize                                  = 34603008                                  {product} {ergonomic}
    uintx NonNMethodCodeHeapSize                   = 5832780                                {pd product} {ergonomic}
    uintx NonProfiledCodeHeapSize                  = 122912730                              {pd product} {ergonomic}
   size_t OldSize                                  = 70254592                                  {product} {ergonomic}
    uintx ProfiledCodeHeapSize                     = 122912730                              {pd product} {ergonomic}
    uintx ReservedCodeCacheSize                    = 251658240                              {pd product} {ergonomic}
     bool SegmentedCodeCache                       = true                                      {product} {ergonomic}
   size_t SoftMaxHeapSize                          = 1073741824                             {manageable} {ergonomic}
     bool UseCompressedClassPointers               = true                           {product lp64_product} {ergonomic}
     bool UseCompressedOops                        = true                           {product lp64_product} {ergonomic}
     bool UseParallelGC                            = true                                      {product} {command line}

Logging:
Log output configuration:
 #0: stdout all=off uptime,level,tags
 #1: stderr all=off uptime,level,tags

Environment Variables:
PATH=/home/jakshas/.vscode-server/bin/6261075646f055b99068d3688932416f2346dd3b/bin/remote-cli:/home/jakshas/.nvm/versions/node/v18.12.0/bin:/usr/local/sbin:/usr/local/bin:/usr/sbin:/usr/bin:/sbin:/bin:/usr/games:/usr/local/games:/usr/lib/wsl/lib:/mnt/c/Python311/Scripts/:/mnt/c/Python311/:/mnt/c/Program Files (x86)/Razer Chroma SDK/bin:/mnt/c/Program Files/Razer Chroma SDK/bin:/mnt/c/Program Files/Common Files/Oracle/Java/javapath:/mnt/c/Program Files (x86)/Common Files/Oracle/Java/javapath:/mnt/c/Program Files (x86)/VMware/VMware Player/bin/:/mnt/c/Program Files (x86)/Razer/ChromaBroadcast/bin:/mnt/c/Program Files/Razer/ChromaBroadcast/bin:/mnt/c/Windows/system32:/mnt/c/Windows:/mnt/c/Windows/System32/Wbem:/mnt/c/Windows/System32/WindowsPowerShell/v1.0/:/mnt/c/Windows/System32/OpenSSH/:/mnt/c/Windows/system32/config/systemprofile/AppData/Local/Microsoft/WindowsApps:/mnt/c/Program Files/Microsoft SQL Server/150/Tools/Binn/:/mnt/c/Program Files/Microsoft SQL Server/Client SDK/ODBC/170/Tools/Binn/:/mnt/c/Program Files/dotnet/:/mnt/c/Program Files (x86)/Microsoft SQL Server/150/DTS/Binn/:/mnt/c/Program Files/Azure Data Studio/bin:/mnt/c/Program Files (x86)/Microsoft SQL Server/150/Tools/Binn/:/mnt/c/Program Files/Microsoft SQL Server/150/DTS/Binn/:/mnt/c/Program Files/NVIDIA Corporation/NVIDIA NvDLISR:/mnt/c/Program Files/nodejs/:/mnt/c/ProgramData/chocolatey/bin:/mnt/c/Users/Jakshas/AppData/Local/Microsoft/WindowsApps:/mnt/c/Users/Jakshas/AppData/Local/Programs/Microsoft VS Code/bin:/mnt/c/Users/Jakshas/.dotnet/tools:/mnt/c/Program Files/Azure Data Studio/bin:/mnt/c/Users/Jakshas/AppData/Roaming/npm:/snap/bin
SHELL=/bin/bash
HOSTTYPE=x86_64
LANG=pl_PL.UTF-8
TERM=xterm-256color

Signal Handlers:
   SIGSEGV: crash_handler in libjvm.so, mask=11100100010111111101111111111110, flags=SA_RESTART|SA_SIGINFO
    SIGBUS: crash_handler in libjvm.so, mask=11100100010111111101111111111110, flags=SA_RESTART|SA_SIGINFO
    SIGFPE: crash_handler in libjvm.so, mask=11100100010111111101111111111110, flags=SA_RESTART|SA_SIGINFO
   SIGPIPE: javaSignalHandler in libjvm.so, mask=11100100010111111101111111111110, flags=SA_RESTART|SA_SIGINFO
   SIGXFSZ: javaSignalHandler in libjvm.so, mask=11100100010111111101111111111110, flags=SA_RESTART|SA_SIGINFO
    SIGILL: crash_handler in libjvm.so, mask=11100100010111111101111111111110, flags=SA_RESTART|SA_SIGINFO
   SIGUSR2: SR_handler in libjvm.so, mask=00000000000000000000000000000000, flags=SA_RESTART|SA_SIGINFO
    SIGHUP: UserHandler in libjvm.so, mask=11100100010111111101111111111110, flags=SA_RESTART|SA_SIGINFO
    SIGINT: UserHandler in libjvm.so, mask=11100100010111111101111111111110, flags=SA_RESTART|SA_SIGINFO
   SIGTERM: UserHandler in libjvm.so, mask=11100100010111111101111111111110, flags=SA_RESTART|SA_SIGINFO
   SIGQUIT: UserHandler in libjvm.so, mask=11100100010111111101111111111110, flags=SA_RESTART|SA_SIGINFO
  *** Handler was modified!
  *** Expected: javaSignalHandler in libjvm.so, mask=11100100110111111111111111111110, flags=SA_RESTART|SA_SIGINFO
   SIGTRAP: crash_handler in libjvm.so, mask=11100100010111111101111111111110, flags=SA_RESTART|SA_SIGINFO


---------------  S Y S T E M  ---------------

OS:
DISTRIB_ID=Ubuntu
DISTRIB_RELEASE=22.04
DISTRIB_CODENAME=jammy
DISTRIB_DESCRIPTION="Ubuntu 22.04 LTS"
uname: Linux 5.10.16.3-microsoft-standard-WSL2 #1 SMP Fri Apr 2 22:23:49 UTC 2021 x86_64
OS uptime: 0 days 5:28 hours
libc: glibc 2.35 NPTL 2.35 
rlimit (soft/hard): STACK 8192k/infinity , CORE 0k/infinity , NPROC 50923/50923 , NOFILE 4096/4096 , AS infinity/infinity , CPU infinity/infinity , DATA infinity/infinity , FSIZE infinity/infinity , MEMLOCK 64k/64k
load average: 0,13 0,18 0,18

/proc/meminfo:
MemTotal:       13040532 kB
MemFree:         7879032 kB
MemAvailable:    8332168 kB
Buffers:           82192 kB
Cached:           583320 kB
SwapCached:            0 kB
Active:           471524 kB
Inactive:        4499664 kB
Active(anon):        248 kB
Inactive(anon):  4305500 kB
Active(file):     471276 kB
Inactive(file):   194164 kB
Unevictable:           0 kB
Mlocked:               0 kB
SwapTotal:       4194304 kB
SwapFree:        4194304 kB
Dirty:                92 kB
Writeback:             0 kB
AnonPages:       4294084 kB
Mapped:           141216 kB
Shmem:                80 kB
KReclaimable:      47468 kB
Slab:              78040 kB
SReclaimable:      47468 kB
SUnreclaim:        30572 kB
KernelStack:        7088 kB
PageTables:        41760 kB
NFS_Unstable:          0 kB
Bounce:                0 kB
WritebackTmp:          0 kB
CommitLimit:    10714568 kB
Committed_AS:    4080088 kB
VmallocTotal:   34359738367 kB
VmallocUsed:       26884 kB
VmallocChunk:          0 kB
Percpu:             2432 kB
AnonHugePages:   3055616 kB
ShmemHugePages:        0 kB
ShmemPmdMapped:        0 kB
FileHugePages:         0 kB
FilePmdMapped:         0 kB
HugePages_Total:       0
HugePages_Free:        0
HugePages_Rsvd:        0
HugePages_Surp:        0
Hugepagesize:       2048 kB
Hugetlb:               0 kB
DirectMap4k:       17408 kB
DirectMap2M:     3917824 kB
DirectMap1G:     9437184 kB

/sys/kernel/mm/transparent_hugepage/enabled: [always] madvise never
/sys/kernel/mm/transparent_hugepage/defrag (defrag/compaction efforts parameter): always defer defer+madvise [madvise] never

Process Memory:
Virtual Size: 5956088K (peak: 5956092K)
Resident Set Size: 780576K (peak: 780576K) (anon: 731492K, file: 49084K, shmem: 0K)
Swapped out: 0K
C-Heap outstanding allocations: 71522K, retained: 252465K
glibc malloc tunables: (default)

/proc/sys/kernel/threads-max (system-wide limit on the number of threads): 101846
/proc/sys/vm/max_map_count (maximum number of memory map areas a process may have): 65530
/proc/sys/kernel/pid_max (system-wide limit on number of process identifiers): 32768

container (cgroup) information:
container_type: cgroupv1
cpu_cpuset_cpus: 0-5
cpu_memory_nodes: 0
active_processor_count: 6
cpu_quota: no quota
cpu_period: 100000
cpu_shares: no shares
memory_limit_in_bytes: unlimited
memory_and_swap_limit_in_bytes: unlimited
memory_soft_limit_in_bytes: unlimited
memory_usage_in_bytes: 4959008 k
memory_max_usage_in_bytes: 4098776 k
maximum number of tasks: not supported
current number of tasks: not supported

Hyper-V virtualization detected
Steal ticks since vm start: 0
Steal ticks percentage since vm start:  0,000

CPU: total 6 (initial active 6) (8 cores per cpu, 1 threads per core) family 6 model 158 stepping 12 microcode 0xffffffff, cx8, cmov, fxsr, mmx, 3dnowpref, sse, sse2, sse3, ssse3, sse4.1, sse4.2, popcnt, lzcnt, tsc, avx, avx2, aes, erms, clmul, bmi1, bmi2, rtm, adx, fma, vzeroupper, clflush, clflushopt, hv
CPU Model and flags from /proc/cpuinfo:
model name	: Intel(R) Core(TM) i5-9600KF CPU @ 3.70GHz
flags		: fpu vme de pse tsc msr pae mce cx8 apic sep mtrr pge mca cmov pat pse36 clflush mmx fxsr sse sse2 ss ht syscall nx pdpe1gb rdtscp lm constant_tsc rep_good nopl xtopology cpuid pni pclmulqdq ssse3 fma cx16 pcid sse4_1 sse4_2 movbe popcnt aes xsave avx f16c rdrand hypervisor lahf_lm abm 3dnowprefetch invpcid_single ssbd ibrs ibpb stibp fsgsbase bmi1 hle avx2 smep bmi2 erms invpcid rtm rdseed adx smap clflushopt xsaveopt xsavec xgetbv1 xsaves md_clear flush_l1d arch_capabilities

Online cpus: 0-5
Offline cpus: 
BIOS frequency limitation: <Not Available>
Frequency switch latency (ns): <Not Available>
Available cpu frequencies: <Not Available>
Current governor: <Not Available>
Core performance/turbo boost: <Not Available>

Memory: 4k page, physical 13040532k(7878780k free), swap 4194304k(4194304k free)
Page Sizes: 4k

vm_info: OpenJDK 64-Bit Server VM (17.0.5+8) for linux-amd64 JRE (17.0.5+8), built on Oct 18 2022 00:00:00 by "temurin" with gcc 10.3.0

END.
